<?xml version="1.0" encoding="UTF-8"?>
<testsuites name="Mocha Tests" time="67.974" tests="713" failures="0">
  <testsuite name="Root Suite" timestamp="2026-07-06T10:26:24" tests="0" file="cypress/e2e/viewports.cy.js" time="0.000" failures="0">
  </testsuite>
  <testsuite name="Viewport coverage" timestamp="2026-07-06T10:26:24" tests="0" time="0.000" failures="0">
  </testsuite>
  <testsuite name="@desktop-2560" timestamp="2026-07-06T10:26:24" tests="23" time="2.376" failures="0">
    <testcase name="Viewport coverage @desktop-2560 renders /" time="0.147" classname="renders /">
    </testcase>
    <testcase name="Viewport coverage @desktop-2560 renders /en/" time="0.085" classname="renders /en/">
    </testcase>
    <testcase name="Viewport coverage @desktop-2560 renders /cy/" time="0.094" classname="renders /cy/">
    </testcase>
    <testcase name="Viewport coverage @desktop-2560 renders /en/accessibility" time="0.055" classname="renders /en/accessibility">
    </testcase>
    <testcase name="Viewport coverage @desktop-2560 renders /en/cookie-settings" time="0.095" classname="renders /en/cookie-settings">
    </testcase>
    <testcase name="Viewport coverage @desktop-2560 renders /en/privacy-policy" time="0.074" classname="renders /en/privacy-policy">
    </testcase>
    <testcase name="Viewport coverage @desktop-2560 renders /en/terms-and-conditions" time="0.079" classname="renders /en/terms-and-conditions">
    </testcase>
    <testcase name="Viewport coverage @desktop-2560 renders /cy/accessibility" time="0.073" classname="renders /cy/accessibility">
    </testcase>
    <testcase name="Viewport coverage @desktop-2560 renders /cy/cookie-settings" time="0.072" classname="renders /cy/cookie-settings">
    </testcase>
    <testcase name="Viewport coverage @desktop-2560 renders /cy/privacy-policy" time="0.098" classname="renders /cy/privacy-policy">
    </testcase>
    <testcase name="Viewport coverage @desktop-2560 renders /cy/terms-and-conditions" time="0.081" classname="renders /cy/terms-and-conditions">
    </testcase>
    <testcase name="Viewport coverage @desktop-2560 renders /en/articles/" time="0.076" classname="renders /en/articles/">
    </testcase>
    <testcase name="Viewport coverage @desktop-2560 renders /cy/articles/" time="0.074" classname="renders /cy/articles/">
    </testcase>
    <testcase name="Viewport coverage @desktop-2560 renders /cy/erthyglau/" time="0.087" classname="renders /cy/erthyglau/">
    </testcase>
    <testcase name="Viewport coverage @desktop-2560 renders /en/services/" time="0.097" classname="renders /en/services/">
    </testcase>
    <testcase name="Viewport coverage @desktop-2560 renders /cy/services/" time="0.074" classname="renders /cy/services/">
    </testcase>
    <testcase name="Viewport coverage @desktop-2560 renders /en/information/downloads/" time="0.058" classname="renders /en/information/downloads/">
    </testcase>
    <testcase name="Viewport coverage @desktop-2560 renders /cy/information/downloads/" time="0.071" classname="renders /cy/information/downloads/">
    </testcase>
    <testcase name="Viewport coverage @desktop-2560 renders /en/information/contact-us/" time="0.071" classname="renders /en/information/contact-us/">
    </testcase>
    <testcase name="Viewport coverage @desktop-2560 renders /cy/information/contact-us/" time="0.076" classname="renders /cy/information/contact-us/">
    </testcase>
    <testcase name="Viewport coverage @desktop-2560 renders /cy/gwybodaeth/" time="0.071" classname="renders /cy/gwybodaeth/">
    </testcase>
    <testcase name="Viewport coverage @desktop-2560 renders /cy/information/" time="0.078" classname="renders /cy/information/">
    </testcase>
    <testcase name="Viewport coverage @desktop-2560 renders /en/information/" time="0.052" classname="renders /en/information/">
    </testcase>
  </testsuite>
  <testsuite name="@desktop-1920" timestamp="2026-07-06T10:26:27" tests="23" time="2.159" failures="0">
    <testcase name="Viewport coverage @desktop-1920 renders /" time="0.073" classname="renders /">
    </testcase>
    <testcase name="Viewport coverage @desktop-1920 renders /en/" time="0.116" classname="renders /en/">
    </testcase>
    <testcase name="Viewport coverage @desktop-1920 renders /cy/" time="0.052" classname="renders /cy/">
    </testcase>
    <testcase name="Viewport coverage @desktop-1920 renders /en/accessibility" time="0.072" classname="renders /en/accessibility">
    </testcase>
    <testcase name="Viewport coverage @desktop-1920 renders /en/cookie-settings" time="0.072" classname="renders /en/cookie-settings">
    </testcase>
    <testcase name="Viewport coverage @desktop-1920 renders /en/privacy-policy" time="0.074" classname="renders /en/privacy-policy">
    </testcase>
    <testcase name="Viewport coverage @desktop-1920 renders /en/terms-and-conditions" time="0.073" classname="renders /en/terms-and-conditions">
    </testcase>
    <testcase name="Viewport coverage @desktop-1920 renders /cy/accessibility" time="0.074" classname="renders /cy/accessibility">
    </testcase>
    <testcase name="Viewport coverage @desktop-1920 renders /cy/cookie-settings" time="0.071" classname="renders /cy/cookie-settings">
    </testcase>
    <testcase name="Viewport coverage @desktop-1920 renders /cy/privacy-policy" time="0.075" classname="renders /cy/privacy-policy">
    </testcase>
    <testcase name="Viewport coverage @desktop-1920 renders /cy/terms-and-conditions" time="0.075" classname="renders /cy/terms-and-conditions">
    </testcase>
    <testcase name="Viewport coverage @desktop-1920 renders /en/articles/" time="0.048" classname="renders /en/articles/">
    </testcase>
    <testcase name="Viewport coverage @desktop-1920 renders /cy/articles/" time="0.069" classname="renders /cy/articles/">
    </testcase>
    <testcase name="Viewport coverage @desktop-1920 renders /cy/erthyglau/" time="0.070" classname="renders /cy/erthyglau/">
    </testcase>
    <testcase name="Viewport coverage @desktop-1920 renders /en/services/" time="0.050" classname="renders /en/services/">
    </testcase>
    <testcase name="Viewport coverage @desktop-1920 renders /cy/services/" time="0.102" classname="renders /cy/services/">
    </testcase>
    <testcase name="Viewport coverage @desktop-1920 renders /en/information/downloads/" time="0.070" classname="renders /en/information/downloads/">
    </testcase>
    <testcase name="Viewport coverage @desktop-1920 renders /cy/information/downloads/" time="0.072" classname="renders /cy/information/downloads/">
    </testcase>
    <testcase name="Viewport coverage @desktop-1920 renders /en/information/contact-us/" time="0.050" classname="renders /en/information/contact-us/">
    </testcase>
    <testcase name="Viewport coverage @desktop-1920 renders /cy/information/contact-us/" time="0.070" classname="renders /cy/information/contact-us/">
    </testcase>
    <testcase name="Viewport coverage @desktop-1920 renders /cy/gwybodaeth/" time="0.071" classname="renders /cy/gwybodaeth/">
    </testcase>
    <testcase name="Viewport coverage @desktop-1920 renders /cy/information/" time="0.051" classname="renders /cy/information/">
    </testcase>
    <testcase name="Viewport coverage @desktop-1920 renders /en/information/" time="0.068" classname="renders /en/information/">
    </testcase>
  </testsuite>
  <testsuite name="@desktop-1536" timestamp="2026-07-06T10:26:29" tests="23" time="2.242" failures="0">
    <testcase name="Viewport coverage @desktop-1536 renders /" time="0.088" classname="renders /">
    </testcase>
    <testcase name="Viewport coverage @desktop-1536 renders /en/" time="0.080" classname="renders /en/">
    </testcase>
    <testcase name="Viewport coverage @desktop-1536 renders /cy/" time="0.079" classname="renders /cy/">
    </testcase>
    <testcase name="Viewport coverage @desktop-1536 renders /en/accessibility" time="0.072" classname="renders /en/accessibility">
    </testcase>
    <testcase name="Viewport coverage @desktop-1536 renders /en/cookie-settings" time="0.056" classname="renders /en/cookie-settings">
    </testcase>
    <testcase name="Viewport coverage @desktop-1536 renders /en/privacy-policy" time="0.088" classname="renders /en/privacy-policy">
    </testcase>
    <testcase name="Viewport coverage @desktop-1536 renders /en/terms-and-conditions" time="0.070" classname="renders /en/terms-and-conditions">
    </testcase>
    <testcase name="Viewport coverage @desktop-1536 renders /cy/accessibility" time="0.073" classname="renders /cy/accessibility">
    </testcase>
    <testcase name="Viewport coverage @desktop-1536 renders /cy/cookie-settings" time="0.067" classname="renders /cy/cookie-settings">
    </testcase>
    <testcase name="Viewport coverage @desktop-1536 renders /cy/privacy-policy" time="0.075" classname="renders /cy/privacy-policy">
    </testcase>
    <testcase name="Viewport coverage @desktop-1536 renders /cy/terms-and-conditions" time="0.073" classname="renders /cy/terms-and-conditions">
    </testcase>
    <testcase name="Viewport coverage @desktop-1536 renders /en/articles/" time="0.075" classname="renders /en/articles/">
    </testcase>
    <testcase name="Viewport coverage @desktop-1536 renders /cy/articles/" time="0.078" classname="renders /cy/articles/">
    </testcase>
    <testcase name="Viewport coverage @desktop-1536 renders /cy/erthyglau/" time="0.070" classname="renders /cy/erthyglau/">
    </testcase>
    <testcase name="Viewport coverage @desktop-1536 renders /en/services/" time="0.076" classname="renders /en/services/">
    </testcase>
    <testcase name="Viewport coverage @desktop-1536 renders /cy/services/" time="0.074" classname="renders /cy/services/">
    </testcase>
    <testcase name="Viewport coverage @desktop-1536 renders /en/information/downloads/" time="0.053" classname="renders /en/information/downloads/">
    </testcase>
    <testcase name="Viewport coverage @desktop-1536 renders /cy/information/downloads/" time="0.080" classname="renders /cy/information/downloads/">
    </testcase>
    <testcase name="Viewport coverage @desktop-1536 renders /en/information/contact-us/" time="0.071" classname="renders /en/information/contact-us/">
    </testcase>
    <testcase name="Viewport coverage @desktop-1536 renders /cy/information/contact-us/" time="0.107" classname="renders /cy/information/contact-us/">
    </testcase>
    <testcase name="Viewport coverage @desktop-1536 renders /cy/gwybodaeth/" time="0.050" classname="renders /cy/gwybodaeth/">
    </testcase>
    <testcase name="Viewport coverage @desktop-1536 renders /cy/information/" time="0.073" classname="renders /cy/information/">
    </testcase>
    <testcase name="Viewport coverage @desktop-1536 renders /en/information/" time="0.051" classname="renders /en/information/">
    </testcase>
  </testsuite>
  <testsuite name="@desktop-1440" timestamp="2026-07-06T10:26:31" tests="23" time="2.155" failures="0">
    <testcase name="Viewport coverage @desktop-1440 renders /" time="0.086" classname="renders /">
    </testcase>
    <testcase name="Viewport coverage @desktop-1440 renders /en/" time="0.077" classname="renders /en/">
    </testcase>
    <testcase name="Viewport coverage @desktop-1440 renders /cy/" time="0.072" classname="renders /cy/">
    </testcase>
    <testcase name="Viewport coverage @desktop-1440 renders /en/accessibility" time="0.051" classname="renders /en/accessibility">
    </testcase>
    <testcase name="Viewport coverage @desktop-1440 renders /en/cookie-settings" time="0.070" classname="renders /en/cookie-settings">
    </testcase>
    <testcase name="Viewport coverage @desktop-1440 renders /en/privacy-policy" time="0.074" classname="renders /en/privacy-policy">
    </testcase>
    <testcase name="Viewport coverage @desktop-1440 renders /en/terms-and-conditions" time="0.074" classname="renders /en/terms-and-conditions">
    </testcase>
    <testcase name="Viewport coverage @desktop-1440 renders /cy/accessibility" time="0.072" classname="renders /cy/accessibility">
    </testcase>
    <testcase name="Viewport coverage @desktop-1440 renders /cy/cookie-settings" time="0.049" classname="renders /cy/cookie-settings">
    </testcase>
    <testcase name="Viewport coverage @desktop-1440 renders /cy/privacy-policy" time="0.094" classname="renders /cy/privacy-policy">
    </testcase>
    <testcase name="Viewport coverage @desktop-1440 renders /cy/terms-and-conditions" time="0.071" classname="renders /cy/terms-and-conditions">
    </testcase>
    <testcase name="Viewport coverage @desktop-1440 renders /en/articles/" time="0.069" classname="renders /en/articles/">
    </testcase>
    <testcase name="Viewport coverage @desktop-1440 renders /cy/articles/" time="0.072" classname="renders /cy/articles/">
    </testcase>
    <testcase name="Viewport coverage @desktop-1440 renders /cy/erthyglau/" time="0.070" classname="renders /cy/erthyglau/">
    </testcase>
    <testcase name="Viewport coverage @desktop-1440 renders /en/services/" time="0.075" classname="renders /en/services/">
    </testcase>
    <testcase name="Viewport coverage @desktop-1440 renders /cy/services/" time="0.048" classname="renders /cy/services/">
    </testcase>
    <testcase name="Viewport coverage @desktop-1440 renders /en/information/downloads/" time="0.073" classname="renders /en/information/downloads/">
    </testcase>
    <testcase name="Viewport coverage @desktop-1440 renders /cy/information/downloads/" time="0.054" classname="renders /cy/information/downloads/">
    </testcase>
    <testcase name="Viewport coverage @desktop-1440 renders /en/information/contact-us/" time="0.089" classname="renders /en/information/contact-us/">
    </testcase>
    <testcase name="Viewport coverage @desktop-1440 renders /cy/information/contact-us/" time="0.072" classname="renders /cy/information/contact-us/">
    </testcase>
    <testcase name="Viewport coverage @desktop-1440 renders /cy/gwybodaeth/" time="0.050" classname="renders /cy/gwybodaeth/">
    </testcase>
    <testcase name="Viewport coverage @desktop-1440 renders /cy/information/" time="0.071" classname="renders /cy/information/">
    </testcase>
    <testcase name="Viewport coverage @desktop-1440 renders /en/information/" time="0.057" classname="renders /en/information/">
    </testcase>
  </testsuite>
  <testsuite name="@desktop-1366" timestamp="2026-07-06T10:26:33" tests="23" time="2.124" failures="0">
    <testcase name="Viewport coverage @desktop-1366 renders /" time="0.105" classname="renders /">
    </testcase>
    <testcase name="Viewport coverage @desktop-1366 renders /en/" time="0.074" classname="renders /en/">
    </testcase>
    <testcase name="Viewport coverage @desktop-1366 renders /cy/" time="0.079" classname="renders /cy/">
    </testcase>
    <testcase name="Viewport coverage @desktop-1366 renders /en/accessibility" time="0.050" classname="renders /en/accessibility">
    </testcase>
    <testcase name="Viewport coverage @desktop-1366 renders /en/cookie-settings" time="0.071" classname="renders /en/cookie-settings">
    </testcase>
    <testcase name="Viewport coverage @desktop-1366 renders /en/privacy-policy" time="0.071" classname="renders /en/privacy-policy">
    </testcase>
    <testcase name="Viewport coverage @desktop-1366 renders /en/terms-and-conditions" time="0.070" classname="renders /en/terms-and-conditions">
    </testcase>
    <testcase name="Viewport coverage @desktop-1366 renders /cy/accessibility" time="0.050" classname="renders /cy/accessibility">
    </testcase>
    <testcase name="Viewport coverage @desktop-1366 renders /cy/cookie-settings" time="0.080" classname="renders /cy/cookie-settings">
    </testcase>
    <testcase name="Viewport coverage @desktop-1366 renders /cy/privacy-policy" time="0.073" classname="renders /cy/privacy-policy">
    </testcase>
    <testcase name="Viewport coverage @desktop-1366 renders /cy/terms-and-conditions" time="0.072" classname="renders /cy/terms-and-conditions">
    </testcase>
    <testcase name="Viewport coverage @desktop-1366 renders /en/articles/" time="0.048" classname="renders /en/articles/">
    </testcase>
    <testcase name="Viewport coverage @desktop-1366 renders /cy/articles/" time="0.083" classname="renders /cy/articles/">
    </testcase>
    <testcase name="Viewport coverage @desktop-1366 renders /cy/erthyglau/" time="0.049" classname="renders /cy/erthyglau/">
    </testcase>
    <testcase name="Viewport coverage @desktop-1366 renders /en/services/" time="0.074" classname="renders /en/services/">
    </testcase>
    <testcase name="Viewport coverage @desktop-1366 renders /cy/services/" time="0.047" classname="renders /cy/services/">
    </testcase>
    <testcase name="Viewport coverage @desktop-1366 renders /en/information/downloads/" time="0.070" classname="renders /en/information/downloads/">
    </testcase>
    <testcase name="Viewport coverage @desktop-1366 renders /cy/information/downloads/" time="0.071" classname="renders /cy/information/downloads/">
    </testcase>
    <testcase name="Viewport coverage @desktop-1366 renders /en/information/contact-us/" time="0.050" classname="renders /en/information/contact-us/">
    </testcase>
    <testcase name="Viewport coverage @desktop-1366 renders /cy/information/contact-us/" time="0.071" classname="renders /cy/information/contact-us/">
    </testcase>
    <testcase name="Viewport coverage @desktop-1366 renders /cy/gwybodaeth/" time="0.050" classname="renders /cy/gwybodaeth/">
    </testcase>
    <testcase name="Viewport coverage @desktop-1366 renders /cy/information/" time="0.069" classname="renders /cy/information/">
    </testcase>
    <testcase name="Viewport coverage @desktop-1366 renders /en/information/" time="0.069" classname="renders /en/information/">
    </testcase>
  </testsuite>
  <testsuite name="@desktop-1280x1024" timestamp="2026-07-06T10:26:35" tests="23" time="2.220" failures="0">
    <testcase name="Viewport coverage @desktop-1280x1024 renders /" time="0.086" classname="renders /">
    </testcase>
    <testcase name="Viewport coverage @desktop-1280x1024 renders /en/" time="0.071" classname="renders /en/">
    </testcase>
    <testcase name="Viewport coverage @desktop-1280x1024 renders /cy/" time="0.096" classname="renders /cy/">
    </testcase>
    <testcase name="Viewport coverage @desktop-1280x1024 renders /en/accessibility" time="0.074" classname="renders /en/accessibility">
    </testcase>
    <testcase name="Viewport coverage @desktop-1280x1024 renders /en/cookie-settings" time="0.088" classname="renders /en/cookie-settings">
    </testcase>
    <testcase name="Viewport coverage @desktop-1280x1024 renders /en/privacy-policy" time="0.074" classname="renders /en/privacy-policy">
    </testcase>
    <testcase name="Viewport coverage @desktop-1280x1024 renders /en/terms-and-conditions" time="0.073" classname="renders /en/terms-and-conditions">
    </testcase>
    <testcase name="Viewport coverage @desktop-1280x1024 renders /cy/accessibility" time="0.077" classname="renders /cy/accessibility">
    </testcase>
    <testcase name="Viewport coverage @desktop-1280x1024 renders /cy/cookie-settings" time="0.070" classname="renders /cy/cookie-settings">
    </testcase>
    <testcase name="Viewport coverage @desktop-1280x1024 renders /cy/privacy-policy" time="0.075" classname="renders /cy/privacy-policy">
    </testcase>
    <testcase name="Viewport coverage @desktop-1280x1024 renders /cy/terms-and-conditions" time="0.072" classname="renders /cy/terms-and-conditions">
    </testcase>
    <testcase name="Viewport coverage @desktop-1280x1024 renders /en/articles/" time="0.051" classname="renders /en/articles/">
    </testcase>
    <testcase name="Viewport coverage @desktop-1280x1024 renders /cy/articles/" time="0.069" classname="renders /cy/articles/">
    </testcase>
    <testcase name="Viewport coverage @desktop-1280x1024 renders /cy/erthyglau/" time="0.074" classname="renders /cy/erthyglau/">
    </testcase>
    <testcase name="Viewport coverage @desktop-1280x1024 renders /en/services/" time="0.078" classname="renders /en/services/">
    </testcase>
    <testcase name="Viewport coverage @desktop-1280x1024 renders /cy/services/" time="0.083" classname="renders /cy/services/">
    </testcase>
    <testcase name="Viewport coverage @desktop-1280x1024 renders /en/information/downloads/" time="0.074" classname="renders /en/information/downloads/">
    </testcase>
    <testcase name="Viewport coverage @desktop-1280x1024 renders /cy/information/downloads/" time="0.076" classname="renders /cy/information/downloads/">
    </testcase>
    <testcase name="Viewport coverage @desktop-1280x1024 renders /en/information/contact-us/" time="0.052" classname="renders /en/information/contact-us/">
    </testcase>
    <testcase name="Viewport coverage @desktop-1280x1024 renders /cy/information/contact-us/" time="0.072" classname="renders /cy/information/contact-us/">
    </testcase>
    <testcase name="Viewport coverage @desktop-1280x1024 renders /cy/gwybodaeth/" time="0.077" classname="renders /cy/gwybodaeth/">
    </testcase>
    <testcase name="Viewport coverage @desktop-1280x1024 renders /cy/information/" time="0.074" classname="renders /cy/information/">
    </testcase>
    <testcase name="Viewport coverage @desktop-1280x1024 renders /en/information/" time="0.049" classname="renders /en/information/">
    </testcase>
  </testsuite>
  <testsuite name="@desktop-1280" timestamp="2026-07-06T10:26:38" tests="23" time="2.077" failures="0">
    <testcase name="Viewport coverage @desktop-1280 renders /" time="0.073" classname="renders /">
    </testcase>
    <testcase name="Viewport coverage @desktop-1280 renders /en/" time="0.050" classname="renders /en/">
    </testcase>
    <testcase name="Viewport coverage @desktop-1280 renders /cy/" time="0.071" classname="renders /cy/">
    </testcase>
    <testcase name="Viewport coverage @desktop-1280 renders /en/accessibility" time="0.050" classname="renders /en/accessibility">
    </testcase>
    <testcase name="Viewport coverage @desktop-1280 renders /en/cookie-settings" time="0.070" classname="renders /en/cookie-settings">
    </testcase>
    <testcase name="Viewport coverage @desktop-1280 renders /en/privacy-policy" time="0.053" classname="renders /en/privacy-policy">
    </testcase>
    <testcase name="Viewport coverage @desktop-1280 renders /en/terms-and-conditions" time="0.107" classname="renders /en/terms-and-conditions">
    </testcase>
    <testcase name="Viewport coverage @desktop-1280 renders /cy/accessibility" time="0.076" classname="renders /cy/accessibility">
    </testcase>
    <testcase name="Viewport coverage @desktop-1280 renders /cy/cookie-settings" time="0.069" classname="renders /cy/cookie-settings">
    </testcase>
    <testcase name="Viewport coverage @desktop-1280 renders /cy/privacy-policy" time="0.073" classname="renders /cy/privacy-policy">
    </testcase>
    <testcase name="Viewport coverage @desktop-1280 renders /cy/terms-and-conditions" time="0.051" classname="renders /cy/terms-and-conditions">
    </testcase>
    <testcase name="Viewport coverage @desktop-1280 renders /en/articles/" time="0.072" classname="renders /en/articles/">
    </testcase>
    <testcase name="Viewport coverage @desktop-1280 renders /cy/articles/" time="0.071" classname="renders /cy/articles/">
    </testcase>
    <testcase name="Viewport coverage @desktop-1280 renders /cy/erthyglau/" time="0.049" classname="renders /cy/erthyglau/">
    </testcase>
    <testcase name="Viewport coverage @desktop-1280 renders /en/services/" time="0.069" classname="renders /en/services/">
    </testcase>
    <testcase name="Viewport coverage @desktop-1280 renders /cy/services/" time="0.071" classname="renders /cy/services/">
    </testcase>
    <testcase name="Viewport coverage @desktop-1280 renders /en/information/downloads/" time="0.050" classname="renders /en/information/downloads/">
    </testcase>
    <testcase name="Viewport coverage @desktop-1280 renders /cy/information/downloads/" time="0.078" classname="renders /cy/information/downloads/">
    </testcase>
    <testcase name="Viewport coverage @desktop-1280 renders /en/information/contact-us/" time="0.050" classname="renders /en/information/contact-us/">
    </testcase>
    <testcase name="Viewport coverage @desktop-1280 renders /cy/information/contact-us/" time="0.082" classname="renders /cy/information/contact-us/">
    </testcase>
    <testcase name="Viewport coverage @desktop-1280 renders /cy/gwybodaeth/" time="0.049" classname="renders /cy/gwybodaeth/">
    </testcase>
    <testcase name="Viewport coverage @desktop-1280 renders /cy/information/" time="0.103" classname="renders /cy/information/">
    </testcase>
    <testcase name="Viewport coverage @desktop-1280 renders /en/information/" time="0.049" classname="renders /en/information/">
    </testcase>
  </testsuite>
  <testsuite name="@desktop-1600" timestamp="2026-07-06T10:26:40" tests="23" time="2.172" failures="0">
    <testcase name="Viewport coverage @desktop-1600 renders /" time="0.079" classname="renders /">
    </testcase>
    <testcase name="Viewport coverage @desktop-1600 renders /en/" time="0.095" classname="renders /en/">
    </testcase>
    <testcase name="Viewport coverage @desktop-1600 renders /cy/" time="0.050" classname="renders /cy/">
    </testcase>
    <testcase name="Viewport coverage @desktop-1600 renders /en/accessibility" time="0.086" classname="renders /en/accessibility">
    </testcase>
    <testcase name="Viewport coverage @desktop-1600 renders /en/cookie-settings" time="0.068" classname="renders /en/cookie-settings">
    </testcase>
    <testcase name="Viewport coverage @desktop-1600 renders /en/privacy-policy" time="0.077" classname="renders /en/privacy-policy">
    </testcase>
    <testcase name="Viewport coverage @desktop-1600 renders /en/terms-and-conditions" time="0.074" classname="renders /en/terms-and-conditions">
    </testcase>
    <testcase name="Viewport coverage @desktop-1600 renders /cy/accessibility" time="0.051" classname="renders /cy/accessibility">
    </testcase>
    <testcase name="Viewport coverage @desktop-1600 renders /cy/cookie-settings" time="0.069" classname="renders /cy/cookie-settings">
    </testcase>
    <testcase name="Viewport coverage @desktop-1600 renders /cy/privacy-policy" time="0.077" classname="renders /cy/privacy-policy">
    </testcase>
    <testcase name="Viewport coverage @desktop-1600 renders /cy/terms-and-conditions" time="0.074" classname="renders /cy/terms-and-conditions">
    </testcase>
    <testcase name="Viewport coverage @desktop-1600 renders /en/articles/" time="0.102" classname="renders /en/articles/">
    </testcase>
    <testcase name="Viewport coverage @desktop-1600 renders /cy/articles/" time="0.070" classname="renders /cy/articles/">
    </testcase>
    <testcase name="Viewport coverage @desktop-1600 renders /cy/erthyglau/" time="0.069" classname="renders /cy/erthyglau/">
    </testcase>
    <testcase name="Viewport coverage @desktop-1600 renders /en/services/" time="0.077" classname="renders /en/services/">
    </testcase>
    <testcase name="Viewport coverage @desktop-1600 renders /cy/services/" time="0.071" classname="renders /cy/services/">
    </testcase>
    <testcase name="Viewport coverage @desktop-1600 renders /en/information/downloads/" time="0.050" classname="renders /en/information/downloads/">
    </testcase>
    <testcase name="Viewport coverage @desktop-1600 renders /cy/information/downloads/" time="0.071" classname="renders /cy/information/downloads/">
    </testcase>
    <testcase name="Viewport coverage @desktop-1600 renders /en/information/contact-us/" time="0.047" classname="renders /en/information/contact-us/">
    </testcase>
    <testcase name="Viewport coverage @desktop-1600 renders /cy/information/contact-us/" time="0.072" classname="renders /cy/information/contact-us/">
    </testcase>
    <testcase name="Viewport coverage @desktop-1600 renders /cy/gwybodaeth/" time="0.050" classname="renders /cy/gwybodaeth/">
    </testcase>
    <testcase name="Viewport coverage @desktop-1600 renders /cy/information/" time="0.070" classname="renders /cy/information/">
    </testcase>
    <testcase name="Viewport coverage @desktop-1600 renders /en/information/" time="0.066" classname="renders /en/information/">
    </testcase>
  </testsuite>
  <testsuite name="@desktop-1024x768" timestamp="2026-07-06T10:26:42" tests="23" time="2.252" failures="0">
    <testcase name="Viewport coverage @desktop-1024x768 renders /" time="0.086" classname="renders /">
    </testcase>
    <testcase name="Viewport coverage @desktop-1024x768 renders /en/" time="0.088" classname="renders /en/">
    </testcase>
    <testcase name="Viewport coverage @desktop-1024x768 renders /cy/" time="0.077" classname="renders /cy/">
    </testcase>
    <testcase name="Viewport coverage @desktop-1024x768 renders /en/accessibility" time="0.073" classname="renders /en/accessibility">
    </testcase>
    <testcase name="Viewport coverage @desktop-1024x768 renders /en/cookie-settings" time="0.072" classname="renders /en/cookie-settings">
    </testcase>
    <testcase name="Viewport coverage @desktop-1024x768 renders /en/privacy-policy" time="0.072" classname="renders /en/privacy-policy">
    </testcase>
    <testcase name="Viewport coverage @desktop-1024x768 renders /en/terms-and-conditions" time="0.061" classname="renders /en/terms-and-conditions">
    </testcase>
    <testcase name="Viewport coverage @desktop-1024x768 renders /cy/accessibility" time="0.077" classname="renders /cy/accessibility">
    </testcase>
    <testcase name="Viewport coverage @desktop-1024x768 renders /cy/cookie-settings" time="0.071" classname="renders /cy/cookie-settings">
    </testcase>
    <testcase name="Viewport coverage @desktop-1024x768 renders /cy/privacy-policy" time="0.086" classname="renders /cy/privacy-policy">
    </testcase>
    <testcase name="Viewport coverage @desktop-1024x768 renders /cy/terms-and-conditions" time="0.077" classname="renders /cy/terms-and-conditions">
    </testcase>
    <testcase name="Viewport coverage @desktop-1024x768 renders /en/articles/" time="0.077" classname="renders /en/articles/">
    </testcase>
    <testcase name="Viewport coverage @desktop-1024x768 renders /cy/articles/" time="0.071" classname="renders /cy/articles/">
    </testcase>
    <testcase name="Viewport coverage @desktop-1024x768 renders /cy/erthyglau/" time="0.071" classname="renders /cy/erthyglau/">
    </testcase>
    <testcase name="Viewport coverage @desktop-1024x768 renders /en/services/" time="0.100" classname="renders /en/services/">
    </testcase>
    <testcase name="Viewport coverage @desktop-1024x768 renders /cy/services/" time="0.076" classname="renders /cy/services/">
    </testcase>
    <testcase name="Viewport coverage @desktop-1024x768 renders /en/information/downloads/" time="0.078" classname="renders /en/information/downloads/">
    </testcase>
    <testcase name="Viewport coverage @desktop-1024x768 renders /cy/information/downloads/" time="0.050" classname="renders /cy/information/downloads/">
    </testcase>
    <testcase name="Viewport coverage @desktop-1024x768 renders /en/information/contact-us/" time="0.072" classname="renders /en/information/contact-us/">
    </testcase>
    <testcase name="Viewport coverage @desktop-1024x768 renders /cy/information/contact-us/" time="0.050" classname="renders /cy/information/contact-us/">
    </testcase>
    <testcase name="Viewport coverage @desktop-1024x768 renders /cy/gwybodaeth/" time="0.088" classname="renders /cy/gwybodaeth/">
    </testcase>
    <testcase name="Viewport coverage @desktop-1024x768 renders /cy/information/" time="0.074" classname="renders /cy/information/">
    </testcase>
    <testcase name="Viewport coverage @desktop-1024x768 renders /en/information/" time="0.074" classname="renders /en/information/">
    </testcase>
  </testsuite>
  <testsuite name="@tablet-768x1024" timestamp="2026-07-06T10:26:44" tests="23" time="2.128" failures="0">
    <testcase name="Viewport coverage @tablet-768x1024 renders /" time="0.061" classname="renders /">
    </testcase>
    <testcase name="Viewport coverage @tablet-768x1024 renders /en/" time="0.051" classname="renders /en/">
    </testcase>
    <testcase name="Viewport coverage @tablet-768x1024 renders /cy/" time="0.071" classname="renders /cy/">
    </testcase>
    <testcase name="Viewport coverage @tablet-768x1024 renders /en/accessibility" time="0.070" classname="renders /en/accessibility">
    </testcase>
    <testcase name="Viewport coverage @tablet-768x1024 renders /en/cookie-settings" time="0.048" classname="renders /en/cookie-settings">
    </testcase>
    <testcase name="Viewport coverage @tablet-768x1024 renders /en/privacy-policy" time="0.056" classname="renders /en/privacy-policy">
    </testcase>
    <testcase name="Viewport coverage @tablet-768x1024 renders /en/terms-and-conditions" time="0.086" classname="renders /en/terms-and-conditions">
    </testcase>
    <testcase name="Viewport coverage @tablet-768x1024 renders /cy/accessibility" time="0.077" classname="renders /cy/accessibility">
    </testcase>
    <testcase name="Viewport coverage @tablet-768x1024 renders /cy/cookie-settings" time="0.072" classname="renders /cy/cookie-settings">
    </testcase>
    <testcase name="Viewport coverage @tablet-768x1024 renders /cy/privacy-policy" time="0.074" classname="renders /cy/privacy-policy">
    </testcase>
    <testcase name="Viewport coverage @tablet-768x1024 renders /cy/terms-and-conditions" time="0.072" classname="renders /cy/terms-and-conditions">
    </testcase>
    <testcase name="Viewport coverage @tablet-768x1024 renders /en/articles/" time="0.050" classname="renders /en/articles/">
    </testcase>
    <testcase name="Viewport coverage @tablet-768x1024 renders /cy/articles/" time="0.076" classname="renders /cy/articles/">
    </testcase>
    <testcase name="Viewport coverage @tablet-768x1024 renders /cy/erthyglau/" time="0.072" classname="renders /cy/erthyglau/">
    </testcase>
    <testcase name="Viewport coverage @tablet-768x1024 renders /en/services/" time="0.070" classname="renders /en/services/">
    </testcase>
    <testcase name="Viewport coverage @tablet-768x1024 renders /cy/services/" time="0.050" classname="renders /cy/services/">
    </testcase>
    <testcase name="Viewport coverage @tablet-768x1024 renders /en/information/downloads/" time="0.071" classname="renders /en/information/downloads/">
    </testcase>
    <testcase name="Viewport coverage @tablet-768x1024 renders /cy/information/downloads/" time="0.051" classname="renders /cy/information/downloads/">
    </testcase>
    <testcase name="Viewport coverage @tablet-768x1024 renders /en/information/contact-us/" time="0.104" classname="renders /en/information/contact-us/">
    </testcase>
    <testcase name="Viewport coverage @tablet-768x1024 renders /cy/information/contact-us/" time="0.079" classname="renders /cy/information/contact-us/">
    </testcase>
    <testcase name="Viewport coverage @tablet-768x1024 renders /cy/gwybodaeth/" time="0.074" classname="renders /cy/gwybodaeth/">
    </testcase>
    <testcase name="Viewport coverage @tablet-768x1024 renders /cy/information/" time="0.050" classname="renders /cy/information/">
    </testcase>
    <testcase name="Viewport coverage @tablet-768x1024 renders /en/information/" time="0.068" classname="renders /en/information/">
    </testcase>
  </testsuite>
  <testsuite name="@tablet-768x1024-landscape" timestamp="2026-07-06T10:26:46" tests="23" time="2.111" failures="0">
    <testcase name="Viewport coverage @tablet-768x1024-landscape renders /" time="0.077" classname="renders /">
    </testcase>
    <testcase name="Viewport coverage @tablet-768x1024-landscape renders /en/" time="0.073" classname="renders /en/">
    </testcase>
    <testcase name="Viewport coverage @tablet-768x1024-landscape renders /cy/" time="0.050" classname="renders /cy/">
    </testcase>
    <testcase name="Viewport coverage @tablet-768x1024-landscape renders /en/accessibility" time="0.071" classname="renders /en/accessibility">
    </testcase>
    <testcase name="Viewport coverage @tablet-768x1024-landscape renders /en/cookie-settings" time="0.047" classname="renders /en/cookie-settings">
    </testcase>
    <testcase name="Viewport coverage @tablet-768x1024-landscape renders /en/privacy-policy" time="0.072" classname="renders /en/privacy-policy">
    </testcase>
    <testcase name="Viewport coverage @tablet-768x1024-landscape renders /en/terms-and-conditions" time="0.071" classname="renders /en/terms-and-conditions">
    </testcase>
    <testcase name="Viewport coverage @tablet-768x1024-landscape renders /cy/accessibility" time="0.074" classname="renders /cy/accessibility">
    </testcase>
    <testcase name="Viewport coverage @tablet-768x1024-landscape renders /cy/cookie-settings" time="0.074" classname="renders /cy/cookie-settings">
    </testcase>
    <testcase name="Viewport coverage @tablet-768x1024-landscape renders /cy/privacy-policy" time="0.109" classname="renders /cy/privacy-policy">
    </testcase>
    <testcase name="Viewport coverage @tablet-768x1024-landscape renders /cy/terms-and-conditions" time="0.050" classname="renders /cy/terms-and-conditions">
    </testcase>
    <testcase name="Viewport coverage @tablet-768x1024-landscape renders /en/articles/" time="0.074" classname="renders /en/articles/">
    </testcase>
    <testcase name="Viewport coverage @tablet-768x1024-landscape renders /cy/articles/" time="0.049" classname="renders /cy/articles/">
    </testcase>
    <testcase name="Viewport coverage @tablet-768x1024-landscape renders /cy/erthyglau/" time="0.069" classname="renders /cy/erthyglau/">
    </testcase>
    <testcase name="Viewport coverage @tablet-768x1024-landscape renders /en/services/" time="0.073" classname="renders /en/services/">
    </testcase>
    <testcase name="Viewport coverage @tablet-768x1024-landscape renders /cy/services/" time="0.073" classname="renders /cy/services/">
    </testcase>
    <testcase name="Viewport coverage @tablet-768x1024-landscape renders /en/information/downloads/" time="0.079" classname="renders /en/information/downloads/">
    </testcase>
    <testcase name="Viewport coverage @tablet-768x1024-landscape renders /cy/information/downloads/" time="0.050" classname="renders /cy/information/downloads/">
    </testcase>
    <testcase name="Viewport coverage @tablet-768x1024-landscape renders /en/information/contact-us/" time="0.071" classname="renders /en/information/contact-us/">
    </testcase>
    <testcase name="Viewport coverage @tablet-768x1024-landscape renders /cy/information/contact-us/" time="0.047" classname="renders /cy/information/contact-us/">
    </testcase>
    <testcase name="Viewport coverage @tablet-768x1024-landscape renders /cy/gwybodaeth/" time="0.073" classname="renders /cy/gwybodaeth/">
    </testcase>
    <testcase name="Viewport coverage @tablet-768x1024-landscape renders /cy/information/" time="0.049" classname="renders /cy/information/">
    </testcase>
    <testcase name="Viewport coverage @tablet-768x1024-landscape renders /en/information/" time="0.097" classname="renders /en/information/">
    </testcase>
  </testsuite>
  <testsuite name="@tablet-810x1080" timestamp="2026-07-06T10:26:48" tests="23" time="2.184" failures="0">
    <testcase name="Viewport coverage @tablet-810x1080 renders /" time="0.085" classname="renders /">
    </testcase>
    <testcase name="Viewport coverage @tablet-810x1080 renders /en/" time="0.073" classname="renders /en/">
    </testcase>
    <testcase name="Viewport coverage @tablet-810x1080 renders /cy/" time="0.051" classname="renders /cy/">
    </testcase>
    <testcase name="Viewport coverage @tablet-810x1080 renders /en/accessibility" time="0.069" classname="renders /en/accessibility">
    </testcase>
    <testcase name="Viewport coverage @tablet-810x1080 renders /en/cookie-settings" time="0.050" classname="renders /en/cookie-settings">
    </testcase>
    <testcase name="Viewport coverage @tablet-810x1080 renders /en/privacy-policy" time="0.094" classname="renders /en/privacy-policy">
    </testcase>
    <testcase name="Viewport coverage @tablet-810x1080 renders /en/terms-and-conditions" time="0.077" classname="renders /en/terms-and-conditions">
    </testcase>
    <testcase name="Viewport coverage @tablet-810x1080 renders /cy/accessibility" time="0.076" classname="renders /cy/accessibility">
    </testcase>
    <testcase name="Viewport coverage @tablet-810x1080 renders /cy/cookie-settings" time="0.074" classname="renders /cy/cookie-settings">
    </testcase>
    <testcase name="Viewport coverage @tablet-810x1080 renders /cy/privacy-policy" time="0.078" classname="renders /cy/privacy-policy">
    </testcase>
    <testcase name="Viewport coverage @tablet-810x1080 renders /cy/terms-and-conditions" time="0.055" classname="renders /cy/terms-and-conditions">
    </testcase>
    <testcase name="Viewport coverage @tablet-810x1080 renders /en/articles/" time="0.053" classname="renders /en/articles/">
    </testcase>
    <testcase name="Viewport coverage @tablet-810x1080 renders /cy/articles/" time="0.088" classname="renders /cy/articles/">
    </testcase>
    <testcase name="Viewport coverage @tablet-810x1080 renders /cy/erthyglau/" time="0.048" classname="renders /cy/erthyglau/">
    </testcase>
    <testcase name="Viewport coverage @tablet-810x1080 renders /en/services/" time="0.072" classname="renders /en/services/">
    </testcase>
    <testcase name="Viewport coverage @tablet-810x1080 renders /cy/services/" time="0.069" classname="renders /cy/services/">
    </testcase>
    <testcase name="Viewport coverage @tablet-810x1080 renders /en/information/downloads/" time="0.077" classname="renders /en/information/downloads/">
    </testcase>
    <testcase name="Viewport coverage @tablet-810x1080 renders /cy/information/downloads/" time="0.085" classname="renders /cy/information/downloads/">
    </testcase>
    <testcase name="Viewport coverage @tablet-810x1080 renders /en/information/contact-us/" time="0.069" classname="renders /en/information/contact-us/">
    </testcase>
    <testcase name="Viewport coverage @tablet-810x1080 renders /cy/information/contact-us/" time="0.049" classname="renders /cy/information/contact-us/">
    </testcase>
    <testcase name="Viewport coverage @tablet-810x1080 renders /cy/gwybodaeth/" time="0.069" classname="renders /cy/gwybodaeth/">
    </testcase>
    <testcase name="Viewport coverage @tablet-810x1080 renders /cy/information/" time="0.077" classname="renders /cy/information/">
    </testcase>
    <testcase name="Viewport coverage @tablet-810x1080 renders /en/information/" time="0.072" classname="renders /en/information/">
    </testcase>
  </testsuite>
  <testsuite name="@tablet-810x1080-landscape" timestamp="2026-07-06T10:26:51" tests="23" time="2.158" failures="0">
    <testcase name="Viewport coverage @tablet-810x1080-landscape renders /" time="0.065" classname="renders /">
    </testcase>
    <testcase name="Viewport coverage @tablet-810x1080-landscape renders /en/" time="0.074" classname="renders /en/">
    </testcase>
    <testcase name="Viewport coverage @tablet-810x1080-landscape renders /cy/" time="0.123" classname="renders /cy/">
    </testcase>
    <testcase name="Viewport coverage @tablet-810x1080-landscape renders /en/accessibility" time="0.051" classname="renders /en/accessibility">
    </testcase>
    <testcase name="Viewport coverage @tablet-810x1080-landscape renders /en/cookie-settings" time="0.075" classname="renders /en/cookie-settings">
    </testcase>
    <testcase name="Viewport coverage @tablet-810x1080-landscape renders /en/privacy-policy" time="0.050" classname="renders /en/privacy-policy">
    </testcase>
    <testcase name="Viewport coverage @tablet-810x1080-landscape renders /en/terms-and-conditions" time="0.072" classname="renders /en/terms-and-conditions">
    </testcase>
    <testcase name="Viewport coverage @tablet-810x1080-landscape renders /cy/accessibility" time="0.052" classname="renders /cy/accessibility">
    </testcase>
    <testcase name="Viewport coverage @tablet-810x1080-landscape renders /cy/cookie-settings" time="0.069" classname="renders /cy/cookie-settings">
    </testcase>
    <testcase name="Viewport coverage @tablet-810x1080-landscape renders /cy/privacy-policy" time="0.076" classname="renders /cy/privacy-policy">
    </testcase>
    <testcase name="Viewport coverage @tablet-810x1080-landscape renders /cy/terms-and-conditions" time="0.051" classname="renders /cy/terms-and-conditions">
    </testcase>
    <testcase name="Viewport coverage @tablet-810x1080-landscape renders /en/articles/" time="0.072" classname="renders /en/articles/">
    </testcase>
    <testcase name="Viewport coverage @tablet-810x1080-landscape renders /cy/articles/" time="0.071" classname="renders /cy/articles/">
    </testcase>
    <testcase name="Viewport coverage @tablet-810x1080-landscape renders /cy/erthyglau/" time="0.064" classname="renders /cy/erthyglau/">
    </testcase>
    <testcase name="Viewport coverage @tablet-810x1080-landscape renders /en/services/" time="0.100" classname="renders /en/services/">
    </testcase>
    <testcase name="Viewport coverage @tablet-810x1080-landscape renders /cy/services/" time="0.071" classname="renders /cy/services/">
    </testcase>
    <testcase name="Viewport coverage @tablet-810x1080-landscape renders /en/information/downloads/" time="0.079" classname="renders /en/information/downloads/">
    </testcase>
    <testcase name="Viewport coverage @tablet-810x1080-landscape renders /cy/information/downloads/" time="0.071" classname="renders /cy/information/downloads/">
    </testcase>
    <testcase name="Viewport coverage @tablet-810x1080-landscape renders /en/information/contact-us/" time="0.049" classname="renders /en/information/contact-us/">
    </testcase>
    <testcase name="Viewport coverage @tablet-810x1080-landscape renders /cy/information/contact-us/" time="0.069" classname="renders /cy/information/contact-us/">
    </testcase>
    <testcase name="Viewport coverage @tablet-810x1080-landscape renders /cy/gwybodaeth/" time="0.070" classname="renders /cy/gwybodaeth/">
    </testcase>
    <testcase name="Viewport coverage @tablet-810x1080-landscape renders /cy/information/" time="0.048" classname="renders /cy/information/">
    </testcase>
    <testcase name="Viewport coverage @tablet-810x1080-landscape renders /en/information/" time="0.071" classname="renders /en/information/">
    </testcase>
  </testsuite>
  <testsuite name="@tablet-820x1180" timestamp="2026-07-06T10:26:53" tests="23" time="2.188" failures="0">
    <testcase name="Viewport coverage @tablet-820x1180 renders /" time="0.083" classname="renders /">
    </testcase>
    <testcase name="Viewport coverage @tablet-820x1180 renders /en/" time="0.094" classname="renders /en/">
    </testcase>
    <testcase name="Viewport coverage @tablet-820x1180 renders /cy/" time="0.051" classname="renders /cy/">
    </testcase>
    <testcase name="Viewport coverage @tablet-820x1180 renders /en/accessibility" time="0.089" classname="renders /en/accessibility">
    </testcase>
    <testcase name="Viewport coverage @tablet-820x1180 renders /en/cookie-settings" time="0.094" classname="renders /en/cookie-settings">
    </testcase>
    <testcase name="Viewport coverage @tablet-820x1180 renders /en/privacy-policy" time="0.052" classname="renders /en/privacy-policy">
    </testcase>
    <testcase name="Viewport coverage @tablet-820x1180 renders /en/terms-and-conditions" time="0.070" classname="renders /en/terms-and-conditions">
    </testcase>
    <testcase name="Viewport coverage @tablet-820x1180 renders /cy/accessibility" time="0.072" classname="renders /cy/accessibility">
    </testcase>
    <testcase name="Viewport coverage @tablet-820x1180 renders /cy/cookie-settings" time="0.073" classname="renders /cy/cookie-settings">
    </testcase>
    <testcase name="Viewport coverage @tablet-820x1180 renders /cy/privacy-policy" time="0.073" classname="renders /cy/privacy-policy">
    </testcase>
    <testcase name="Viewport coverage @tablet-820x1180 renders /cy/terms-and-conditions" time="0.052" classname="renders /cy/terms-and-conditions">
    </testcase>
    <testcase name="Viewport coverage @tablet-820x1180 renders /en/articles/" time="0.068" classname="renders /en/articles/">
    </testcase>
    <testcase name="Viewport coverage @tablet-820x1180 renders /cy/articles/" time="0.074" classname="renders /cy/articles/">
    </testcase>
    <testcase name="Viewport coverage @tablet-820x1180 renders /cy/erthyglau/" time="0.047" classname="renders /cy/erthyglau/">
    </testcase>
    <testcase name="Viewport coverage @tablet-820x1180 renders /en/services/" time="0.075" classname="renders /en/services/">
    </testcase>
    <testcase name="Viewport coverage @tablet-820x1180 renders /cy/services/" time="0.072" classname="renders /cy/services/">
    </testcase>
    <testcase name="Viewport coverage @tablet-820x1180 renders /en/information/downloads/" time="0.077" classname="renders /en/information/downloads/">
    </testcase>
    <testcase name="Viewport coverage @tablet-820x1180 renders /cy/information/downloads/" time="0.077" classname="renders /cy/information/downloads/">
    </testcase>
    <testcase name="Viewport coverage @tablet-820x1180 renders /en/information/contact-us/" time="0.089" classname="renders /en/information/contact-us/">
    </testcase>
    <testcase name="Viewport coverage @tablet-820x1180 renders /cy/information/contact-us/" time="0.048" classname="renders /cy/information/contact-us/">
    </testcase>
    <testcase name="Viewport coverage @tablet-820x1180 renders /cy/gwybodaeth/" time="0.071" classname="renders /cy/gwybodaeth/">
    </testcase>
    <testcase name="Viewport coverage @tablet-820x1180 renders /cy/information/" time="0.051" classname="renders /cy/information/">
    </testcase>
    <testcase name="Viewport coverage @tablet-820x1180 renders /en/information/" time="0.069" classname="renders /en/information/">
    </testcase>
  </testsuite>
  <testsuite name="@tablet-820x1180-landscape" timestamp="2026-07-06T10:26:55" tests="23" time="2.199" failures="0">
    <testcase name="Viewport coverage @tablet-820x1180-landscape renders /" time="0.088" classname="renders /">
    </testcase>
    <testcase name="Viewport coverage @tablet-820x1180-landscape renders /en/" time="0.050" classname="renders /en/">
    </testcase>
    <testcase name="Viewport coverage @tablet-820x1180-landscape renders /cy/" time="0.069" classname="renders /cy/">
    </testcase>
    <testcase name="Viewport coverage @tablet-820x1180-landscape renders /en/accessibility" time="0.075" classname="renders /en/accessibility">
    </testcase>
    <testcase name="Viewport coverage @tablet-820x1180-landscape renders /en/cookie-settings" time="0.073" classname="renders /en/cookie-settings">
    </testcase>
    <testcase name="Viewport coverage @tablet-820x1180-landscape renders /en/privacy-policy" time="0.049" classname="renders /en/privacy-policy">
    </testcase>
    <testcase name="Viewport coverage @tablet-820x1180-landscape renders /en/terms-and-conditions" time="0.072" classname="renders /en/terms-and-conditions">
    </testcase>
    <testcase name="Viewport coverage @tablet-820x1180-landscape renders /cy/accessibility" time="0.078" classname="renders /cy/accessibility">
    </testcase>
    <testcase name="Viewport coverage @tablet-820x1180-landscape renders /cy/cookie-settings" time="0.073" classname="renders /cy/cookie-settings">
    </testcase>
    <testcase name="Viewport coverage @tablet-820x1180-landscape renders /cy/privacy-policy" time="0.060" classname="renders /cy/privacy-policy">
    </testcase>
    <testcase name="Viewport coverage @tablet-820x1180-landscape renders /cy/terms-and-conditions" time="0.080" classname="renders /cy/terms-and-conditions">
    </testcase>
    <testcase name="Viewport coverage @tablet-820x1180-landscape renders /en/articles/" time="0.072" classname="renders /en/articles/">
    </testcase>
    <testcase name="Viewport coverage @tablet-820x1180-landscape renders /cy/articles/" time="0.072" classname="renders /cy/articles/">
    </testcase>
    <testcase name="Viewport coverage @tablet-820x1180-landscape renders /cy/erthyglau/" time="0.050" classname="renders /cy/erthyglau/">
    </testcase>
    <testcase name="Viewport coverage @tablet-820x1180-landscape renders /en/services/" time="0.073" classname="renders /en/services/">
    </testcase>
    <testcase name="Viewport coverage @tablet-820x1180-landscape renders /cy/services/" time="0.049" classname="renders /cy/services/">
    </testcase>
    <testcase name="Viewport coverage @tablet-820x1180-landscape renders /en/information/downloads/" time="0.076" classname="renders /en/information/downloads/">
    </testcase>
    <testcase name="Viewport coverage @tablet-820x1180-landscape renders /cy/information/downloads/" time="0.075" classname="renders /cy/information/downloads/">
    </testcase>
    <testcase name="Viewport coverage @tablet-820x1180-landscape renders /en/information/contact-us/" time="0.074" classname="renders /en/information/contact-us/">
    </testcase>
    <testcase name="Viewport coverage @tablet-820x1180-landscape renders /cy/information/contact-us/" time="0.077" classname="renders /cy/information/contact-us/">
    </testcase>
    <testcase name="Viewport coverage @tablet-820x1180-landscape renders /cy/gwybodaeth/" time="0.071" classname="renders /cy/gwybodaeth/">
    </testcase>
    <testcase name="Viewport coverage @tablet-820x1180-landscape renders /cy/information/" time="0.056" classname="renders /cy/information/">
    </testcase>
    <testcase name="Viewport coverage @tablet-820x1180-landscape renders /en/information/" time="0.081" classname="renders /en/information/">
    </testcase>
  </testsuite>
  <testsuite name="@tablet-1280x800" timestamp="2026-07-06T10:26:57" tests="23" time="2.164" failures="0">
    <testcase name="Viewport coverage @tablet-1280x800 renders /" time="0.076" classname="renders /">
    </testcase>
    <testcase name="Viewport coverage @tablet-1280x800 renders /en/" time="0.076" classname="renders /en/">
    </testcase>
    <testcase name="Viewport coverage @tablet-1280x800 renders /cy/" time="0.050" classname="renders /cy/">
    </testcase>
    <testcase name="Viewport coverage @tablet-1280x800 renders /en/accessibility" time="0.073" classname="renders /en/accessibility">
    </testcase>
    <testcase name="Viewport coverage @tablet-1280x800 renders /en/cookie-settings" time="0.071" classname="renders /en/cookie-settings">
    </testcase>
    <testcase name="Viewport coverage @tablet-1280x800 renders /en/privacy-policy" time="0.071" classname="renders /en/privacy-policy">
    </testcase>
    <testcase name="Viewport coverage @tablet-1280x800 renders /en/terms-and-conditions" time="0.074" classname="renders /en/terms-and-conditions">
    </testcase>
    <testcase name="Viewport coverage @tablet-1280x800 renders /cy/accessibility" time="0.095" classname="renders /cy/accessibility">
    </testcase>
    <testcase name="Viewport coverage @tablet-1280x800 renders /cy/cookie-settings" time="0.071" classname="renders /cy/cookie-settings">
    </testcase>
    <testcase name="Viewport coverage @tablet-1280x800 renders /cy/privacy-policy" time="0.049" classname="renders /cy/privacy-policy">
    </testcase>
    <testcase name="Viewport coverage @tablet-1280x800 renders /cy/terms-and-conditions" time="0.074" classname="renders /cy/terms-and-conditions">
    </testcase>
    <testcase name="Viewport coverage @tablet-1280x800 renders /en/articles/" time="0.100" classname="renders /en/articles/">
    </testcase>
    <testcase name="Viewport coverage @tablet-1280x800 renders /cy/articles/" time="0.072" classname="renders /cy/articles/">
    </testcase>
    <testcase name="Viewport coverage @tablet-1280x800 renders /cy/erthyglau/" time="0.048" classname="renders /cy/erthyglau/">
    </testcase>
    <testcase name="Viewport coverage @tablet-1280x800 renders /en/services/" time="0.075" classname="renders /en/services/">
    </testcase>
    <testcase name="Viewport coverage @tablet-1280x800 renders /cy/services/" time="0.049" classname="renders /cy/services/">
    </testcase>
    <testcase name="Viewport coverage @tablet-1280x800 renders /en/information/downloads/" time="0.071" classname="renders /en/information/downloads/">
    </testcase>
    <testcase name="Viewport coverage @tablet-1280x800 renders /cy/information/downloads/" time="0.078" classname="renders /cy/information/downloads/">
    </testcase>
    <testcase name="Viewport coverage @tablet-1280x800 renders /en/information/contact-us/" time="0.075" classname="renders /en/information/contact-us/">
    </testcase>
    <testcase name="Viewport coverage @tablet-1280x800 renders /cy/information/contact-us/" time="0.073" classname="renders /cy/information/contact-us/">
    </testcase>
    <testcase name="Viewport coverage @tablet-1280x800 renders /cy/gwybodaeth/" time="0.076" classname="renders /cy/gwybodaeth/">
    </testcase>
    <testcase name="Viewport coverage @tablet-1280x800 renders /cy/information/" time="0.048" classname="renders /cy/information/">
    </testcase>
    <testcase name="Viewport coverage @tablet-1280x800 renders /en/information/" time="0.073" classname="renders /en/information/">
    </testcase>
  </testsuite>
  <testsuite name="@tablet-1280x800-landscape" timestamp="2026-07-06T10:26:59" tests="23" time="2.137" failures="0">
    <testcase name="Viewport coverage @tablet-1280x800-landscape renders /" time="0.061" classname="renders /">
    </testcase>
    <testcase name="Viewport coverage @tablet-1280x800-landscape renders /en/" time="0.088" classname="renders /en/">
    </testcase>
    <testcase name="Viewport coverage @tablet-1280x800-landscape renders /cy/" time="0.052" classname="renders /cy/">
    </testcase>
    <testcase name="Viewport coverage @tablet-1280x800-landscape renders /en/accessibility" time="0.068" classname="renders /en/accessibility">
    </testcase>
    <testcase name="Viewport coverage @tablet-1280x800-landscape renders /en/cookie-settings" time="0.071" classname="renders /en/cookie-settings">
    </testcase>
    <testcase name="Viewport coverage @tablet-1280x800-landscape renders /en/privacy-policy" time="0.052" classname="renders /en/privacy-policy">
    </testcase>
    <testcase name="Viewport coverage @tablet-1280x800-landscape renders /en/terms-and-conditions" time="0.087" classname="renders /en/terms-and-conditions">
    </testcase>
    <testcase name="Viewport coverage @tablet-1280x800-landscape renders /cy/accessibility" time="0.075" classname="renders /cy/accessibility">
    </testcase>
    <testcase name="Viewport coverage @tablet-1280x800-landscape renders /cy/cookie-settings" time="0.081" classname="renders /cy/cookie-settings">
    </testcase>
    <testcase name="Viewport coverage @tablet-1280x800-landscape renders /cy/privacy-policy" time="0.070" classname="renders /cy/privacy-policy">
    </testcase>
    <testcase name="Viewport coverage @tablet-1280x800-landscape renders /cy/terms-and-conditions" time="0.050" classname="renders /cy/terms-and-conditions">
    </testcase>
    <testcase name="Viewport coverage @tablet-1280x800-landscape renders /en/articles/" time="0.070" classname="renders /en/articles/">
    </testcase>
    <testcase name="Viewport coverage @tablet-1280x800-landscape renders /cy/articles/" time="0.070" classname="renders /cy/articles/">
    </testcase>
    <testcase name="Viewport coverage @tablet-1280x800-landscape renders /cy/erthyglau/" time="0.050" classname="renders /cy/erthyglau/">
    </testcase>
    <testcase name="Viewport coverage @tablet-1280x800-landscape renders /en/services/" time="0.075" classname="renders /en/services/">
    </testcase>
    <testcase name="Viewport coverage @tablet-1280x800-landscape renders /cy/services/" time="0.091" classname="renders /cy/services/">
    </testcase>
    <testcase name="Viewport coverage @tablet-1280x800-landscape renders /en/information/downloads/" time="0.070" classname="renders /en/information/downloads/">
    </testcase>
    <testcase name="Viewport coverage @tablet-1280x800-landscape renders /cy/information/downloads/" time="0.051" classname="renders /cy/information/downloads/">
    </testcase>
    <testcase name="Viewport coverage @tablet-1280x800-landscape renders /en/information/contact-us/" time="0.072" classname="renders /en/information/contact-us/">
    </testcase>
    <testcase name="Viewport coverage @tablet-1280x800-landscape renders /cy/information/contact-us/" time="0.074" classname="renders /cy/information/contact-us/">
    </testcase>
    <testcase name="Viewport coverage @tablet-1280x800-landscape renders /cy/gwybodaeth/" time="0.049" classname="renders /cy/gwybodaeth/">
    </testcase>
    <testcase name="Viewport coverage @tablet-1280x800-landscape renders /cy/information/" time="0.072" classname="renders /cy/information/">
    </testcase>
    <testcase name="Viewport coverage @tablet-1280x800-landscape renders /en/information/" time="0.048" classname="renders /en/information/">
    </testcase>
  </testsuite>
  <testsuite name="@tablet-601x962" timestamp="2026-07-06T10:27:01" tests="23" time="2.196" failures="0">
    <testcase name="Viewport coverage @tablet-601x962 renders /" time="0.087" classname="renders /">
    </testcase>
    <testcase name="Viewport coverage @tablet-601x962 renders /en/" time="0.076" classname="renders /en/">
    </testcase>
    <testcase name="Viewport coverage @tablet-601x962 renders /cy/" time="0.080" classname="renders /cy/">
    </testcase>
    <testcase name="Viewport coverage @tablet-601x962 renders /en/accessibility" time="0.078" classname="renders /en/accessibility">
    </testcase>
    <testcase name="Viewport coverage @tablet-601x962 renders /en/cookie-settings" time="0.070" classname="renders /en/cookie-settings">
    </testcase>
    <testcase name="Viewport coverage @tablet-601x962 renders /en/privacy-policy" time="0.057" classname="renders /en/privacy-policy">
    </testcase>
    <testcase name="Viewport coverage @tablet-601x962 renders /en/terms-and-conditions" time="0.089" classname="renders /en/terms-and-conditions">
    </testcase>
    <testcase name="Viewport coverage @tablet-601x962 renders /cy/accessibility" time="0.069" classname="renders /cy/accessibility">
    </testcase>
    <testcase name="Viewport coverage @tablet-601x962 renders /cy/cookie-settings" time="0.051" classname="renders /cy/cookie-settings">
    </testcase>
    <testcase name="Viewport coverage @tablet-601x962 renders /cy/privacy-policy" time="0.069" classname="renders /cy/privacy-policy">
    </testcase>
    <testcase name="Viewport coverage @tablet-601x962 renders /cy/terms-and-conditions" time="0.074" classname="renders /cy/terms-and-conditions">
    </testcase>
    <testcase name="Viewport coverage @tablet-601x962 renders /en/articles/" time="0.075" classname="renders /en/articles/">
    </testcase>
    <testcase name="Viewport coverage @tablet-601x962 renders /cy/articles/" time="0.049" classname="renders /cy/articles/">
    </testcase>
    <testcase name="Viewport coverage @tablet-601x962 renders /cy/erthyglau/" time="0.069" classname="renders /cy/erthyglau/">
    </testcase>
    <testcase name="Viewport coverage @tablet-601x962 renders /en/services/" time="0.092" classname="renders /en/services/">
    </testcase>
    <testcase name="Viewport coverage @tablet-601x962 renders /cy/services/" time="0.048" classname="renders /cy/services/">
    </testcase>
    <testcase name="Viewport coverage @tablet-601x962 renders /en/information/downloads/" time="0.074" classname="renders /en/information/downloads/">
    </testcase>
    <testcase name="Viewport coverage @tablet-601x962 renders /cy/information/downloads/" time="0.051" classname="renders /cy/information/downloads/">
    </testcase>
    <testcase name="Viewport coverage @tablet-601x962 renders /en/information/contact-us/" time="0.086" classname="renders /en/information/contact-us/">
    </testcase>
    <testcase name="Viewport coverage @tablet-601x962 renders /cy/information/contact-us/" time="0.071" classname="renders /cy/information/contact-us/">
    </testcase>
    <testcase name="Viewport coverage @tablet-601x962 renders /cy/gwybodaeth/" time="0.048" classname="renders /cy/gwybodaeth/">
    </testcase>
    <testcase name="Viewport coverage @tablet-601x962 renders /cy/information/" time="0.068" classname="renders /cy/information/">
    </testcase>
    <testcase name="Viewport coverage @tablet-601x962 renders /en/information/" time="0.075" classname="renders /en/information/">
    </testcase>
  </testsuite>
  <testsuite name="@tablet-601x962-landscape" timestamp="2026-07-06T10:27:04" tests="23" time="2.185" failures="0">
    <testcase name="Viewport coverage @tablet-601x962-landscape renders /" time="0.084" classname="renders /">
    </testcase>
    <testcase name="Viewport coverage @tablet-601x962-landscape renders /en/" time="0.074" classname="renders /en/">
    </testcase>
    <testcase name="Viewport coverage @tablet-601x962-landscape renders /cy/" time="0.072" classname="renders /cy/">
    </testcase>
    <testcase name="Viewport coverage @tablet-601x962-landscape renders /en/accessibility" time="0.076" classname="renders /en/accessibility">
    </testcase>
    <testcase name="Viewport coverage @tablet-601x962-landscape renders /en/cookie-settings" time="0.072" classname="renders /en/cookie-settings">
    </testcase>
    <testcase name="Viewport coverage @tablet-601x962-landscape renders /en/privacy-policy" time="0.073" classname="renders /en/privacy-policy">
    </testcase>
    <testcase name="Viewport coverage @tablet-601x962-landscape renders /en/terms-and-conditions" time="0.073" classname="renders /en/terms-and-conditions">
    </testcase>
    <testcase name="Viewport coverage @tablet-601x962-landscape renders /cy/accessibility" time="0.060" classname="renders /cy/accessibility">
    </testcase>
    <testcase name="Viewport coverage @tablet-601x962-landscape renders /cy/cookie-settings" time="0.071" classname="renders /cy/cookie-settings">
    </testcase>
    <testcase name="Viewport coverage @tablet-601x962-landscape renders /cy/privacy-policy" time="0.090" classname="renders /cy/privacy-policy">
    </testcase>
    <testcase name="Viewport coverage @tablet-601x962-landscape renders /cy/terms-and-conditions" time="0.050" classname="renders /cy/terms-and-conditions">
    </testcase>
    <testcase name="Viewport coverage @tablet-601x962-landscape renders /en/articles/" time="0.073" classname="renders /en/articles/">
    </testcase>
    <testcase name="Viewport coverage @tablet-601x962-landscape renders /cy/articles/" time="0.048" classname="renders /cy/articles/">
    </testcase>
    <testcase name="Viewport coverage @tablet-601x962-landscape renders /cy/erthyglau/" time="0.090" classname="renders /cy/erthyglau/">
    </testcase>
    <testcase name="Viewport coverage @tablet-601x962-landscape renders /en/services/" time="0.075" classname="renders /en/services/">
    </testcase>
    <testcase name="Viewport coverage @tablet-601x962-landscape renders /cy/services/" time="0.072" classname="renders /cy/services/">
    </testcase>
    <testcase name="Viewport coverage @tablet-601x962-landscape renders /en/information/downloads/" time="0.073" classname="renders /en/information/downloads/">
    </testcase>
    <testcase name="Viewport coverage @tablet-601x962-landscape renders /cy/information/downloads/" time="0.076" classname="renders /cy/information/downloads/">
    </testcase>
    <testcase name="Viewport coverage @tablet-601x962-landscape renders /en/information/contact-us/" time="0.077" classname="renders /en/information/contact-us/">
    </testcase>
    <testcase name="Viewport coverage @tablet-601x962-landscape renders /cy/information/contact-us/" time="0.073" classname="renders /cy/information/contact-us/">
    </testcase>
    <testcase name="Viewport coverage @tablet-601x962-landscape renders /cy/gwybodaeth/" time="0.048" classname="renders /cy/gwybodaeth/">
    </testcase>
    <testcase name="Viewport coverage @tablet-601x962-landscape renders /cy/information/" time="0.072" classname="renders /cy/information/">
    </testcase>
    <testcase name="Viewport coverage @tablet-601x962-landscape renders /en/information/" time="0.072" classname="renders /en/information/">
    </testcase>
  </testsuite>
  <testsuite name="@mobile-360x800" timestamp="2026-07-06T10:27:06" tests="23" time="2.203" failures="0">
    <testcase name="Viewport coverage @mobile-360x800 renders /" time="0.106" classname="renders /">
    </testcase>
    <testcase name="Viewport coverage @mobile-360x800 renders /en/" time="0.075" classname="renders /en/">
    </testcase>
    <testcase name="Viewport coverage @mobile-360x800 renders /cy/" time="0.074" classname="renders /cy/">
    </testcase>
    <testcase name="Viewport coverage @mobile-360x800 renders /en/accessibility" time="0.076" classname="renders /en/accessibility">
    </testcase>
    <testcase name="Viewport coverage @mobile-360x800 renders /en/cookie-settings" time="0.071" classname="renders /en/cookie-settings">
    </testcase>
    <testcase name="Viewport coverage @mobile-360x800 renders /en/privacy-policy" time="0.050" classname="renders /en/privacy-policy">
    </testcase>
    <testcase name="Viewport coverage @mobile-360x800 renders /en/terms-and-conditions" time="0.072" classname="renders /en/terms-and-conditions">
    </testcase>
    <testcase name="Viewport coverage @mobile-360x800 renders /cy/accessibility" time="0.050" classname="renders /cy/accessibility">
    </testcase>
    <testcase name="Viewport coverage @mobile-360x800 renders /cy/cookie-settings" time="0.070" classname="renders /cy/cookie-settings">
    </testcase>
    <testcase name="Viewport coverage @mobile-360x800 renders /cy/privacy-policy" time="0.049" classname="renders /cy/privacy-policy">
    </testcase>
    <testcase name="Viewport coverage @mobile-360x800 renders /cy/terms-and-conditions" time="0.076" classname="renders /cy/terms-and-conditions">
    </testcase>
    <testcase name="Viewport coverage @mobile-360x800 renders /en/articles/" time="0.098" classname="renders /en/articles/">
    </testcase>
    <testcase name="Viewport coverage @mobile-360x800 renders /cy/articles/" time="0.075" classname="renders /cy/articles/">
    </testcase>
    <testcase name="Viewport coverage @mobile-360x800 renders /cy/erthyglau/" time="0.096" classname="renders /cy/erthyglau/">
    </testcase>
    <testcase name="Viewport coverage @mobile-360x800 renders /en/services/" time="0.078" classname="renders /en/services/">
    </testcase>
    <testcase name="Viewport coverage @mobile-360x800 renders /cy/services/" time="0.048" classname="renders /cy/services/">
    </testcase>
    <testcase name="Viewport coverage @mobile-360x800 renders /en/information/downloads/" time="0.071" classname="renders /en/information/downloads/">
    </testcase>
    <testcase name="Viewport coverage @mobile-360x800 renders /cy/information/downloads/" time="0.073" classname="renders /cy/information/downloads/">
    </testcase>
    <testcase name="Viewport coverage @mobile-360x800 renders /en/information/contact-us/" time="0.071" classname="renders /en/information/contact-us/">
    </testcase>
    <testcase name="Viewport coverage @mobile-360x800 renders /cy/information/contact-us/" time="0.074" classname="renders /cy/information/contact-us/">
    </testcase>
    <testcase name="Viewport coverage @mobile-360x800 renders /cy/gwybodaeth/" time="0.048" classname="renders /cy/gwybodaeth/">
    </testcase>
    <testcase name="Viewport coverage @mobile-360x800 renders /cy/information/" time="0.069" classname="renders /cy/information/">
    </testcase>
    <testcase name="Viewport coverage @mobile-360x800 renders /en/information/" time="0.071" classname="renders /en/information/">
    </testcase>
  </testsuite>
  <testsuite name="@mobile-360x800-landscape" timestamp="2026-07-06T10:27:08" tests="23" time="2.186" failures="0">
    <testcase name="Viewport coverage @mobile-360x800-landscape renders /" time="0.074" classname="renders /">
    </testcase>
    <testcase name="Viewport coverage @mobile-360x800-landscape renders /en/" time="0.077" classname="renders /en/">
    </testcase>
    <testcase name="Viewport coverage @mobile-360x800-landscape renders /cy/" time="0.076" classname="renders /cy/">
    </testcase>
    <testcase name="Viewport coverage @mobile-360x800-landscape renders /en/accessibility" time="0.102" classname="renders /en/accessibility">
    </testcase>
    <testcase name="Viewport coverage @mobile-360x800-landscape renders /en/cookie-settings" time="0.073" classname="renders /en/cookie-settings">
    </testcase>
    <testcase name="Viewport coverage @mobile-360x800-landscape renders /en/privacy-policy" time="0.049" classname="renders /en/privacy-policy">
    </testcase>
    <testcase name="Viewport coverage @mobile-360x800-landscape renders /en/terms-and-conditions" time="0.072" classname="renders /en/terms-and-conditions">
    </testcase>
    <testcase name="Viewport coverage @mobile-360x800-landscape renders /cy/accessibility" time="0.075" classname="renders /cy/accessibility">
    </testcase>
    <testcase name="Viewport coverage @mobile-360x800-landscape renders /cy/cookie-settings" time="0.074" classname="renders /cy/cookie-settings">
    </testcase>
    <testcase name="Viewport coverage @mobile-360x800-landscape renders /cy/privacy-policy" time="0.049" classname="renders /cy/privacy-policy">
    </testcase>
    <testcase name="Viewport coverage @mobile-360x800-landscape renders /cy/terms-and-conditions" time="0.071" classname="renders /cy/terms-and-conditions">
    </testcase>
    <testcase name="Viewport coverage @mobile-360x800-landscape renders /en/articles/" time="0.076" classname="renders /en/articles/">
    </testcase>
    <testcase name="Viewport coverage @mobile-360x800-landscape renders /cy/articles/" time="0.076" classname="renders /cy/articles/">
    </testcase>
    <testcase name="Viewport coverage @mobile-360x800-landscape renders /cy/erthyglau/" time="0.049" classname="renders /cy/erthyglau/">
    </testcase>
    <testcase name="Viewport coverage @mobile-360x800-landscape renders /en/services/" time="0.074" classname="renders /en/services/">
    </testcase>
    <testcase name="Viewport coverage @mobile-360x800-landscape renders /cy/services/" time="0.048" classname="renders /cy/services/">
    </testcase>
    <testcase name="Viewport coverage @mobile-360x800-landscape renders /en/information/downloads/" time="0.095" classname="renders /en/information/downloads/">
    </testcase>
    <testcase name="Viewport coverage @mobile-360x800-landscape renders /cy/information/downloads/" time="0.074" classname="renders /cy/information/downloads/">
    </testcase>
    <testcase name="Viewport coverage @mobile-360x800-landscape renders /en/information/contact-us/" time="0.057" classname="renders /en/information/contact-us/">
    </testcase>
    <testcase name="Viewport coverage @mobile-360x800-landscape renders /cy/information/contact-us/" time="0.070" classname="renders /cy/information/contact-us/">
    </testcase>
    <testcase name="Viewport coverage @mobile-360x800-landscape renders /cy/gwybodaeth/" time="0.070" classname="renders /cy/gwybodaeth/">
    </testcase>
    <testcase name="Viewport coverage @mobile-360x800-landscape renders /cy/information/" time="0.075" classname="renders /cy/information/">
    </testcase>
    <testcase name="Viewport coverage @mobile-360x800-landscape renders /en/information/" time="0.076" classname="renders /en/information/">
    </testcase>
  </testsuite>
  <testsuite name="@mobile-390x844" timestamp="2026-07-06T10:27:10" tests="23" time="2.270" failures="0">
    <testcase name="Viewport coverage @mobile-390x844 renders /" time="0.075" classname="renders /">
    </testcase>
    <testcase name="Viewport coverage @mobile-390x844 renders /en/" time="0.072" classname="renders /en/">
    </testcase>
    <testcase name="Viewport coverage @mobile-390x844 renders /cy/" time="0.074" classname="renders /cy/">
    </testcase>
    <testcase name="Viewport coverage @mobile-390x844 renders /en/accessibility" time="0.075" classname="renders /en/accessibility">
    </testcase>
    <testcase name="Viewport coverage @mobile-390x844 renders /en/cookie-settings" time="0.074" classname="renders /en/cookie-settings">
    </testcase>
    <testcase name="Viewport coverage @mobile-390x844 renders /en/privacy-policy" time="0.075" classname="renders /en/privacy-policy">
    </testcase>
    <testcase name="Viewport coverage @mobile-390x844 renders /en/terms-and-conditions" time="0.098" classname="renders /en/terms-and-conditions">
    </testcase>
    <testcase name="Viewport coverage @mobile-390x844 renders /cy/accessibility" time="0.089" classname="renders /cy/accessibility">
    </testcase>
    <testcase name="Viewport coverage @mobile-390x844 renders /cy/cookie-settings" time="0.049" classname="renders /cy/cookie-settings">
    </testcase>
    <testcase name="Viewport coverage @mobile-390x844 renders /cy/privacy-policy" time="0.075" classname="renders /cy/privacy-policy">
    </testcase>
    <testcase name="Viewport coverage @mobile-390x844 renders /cy/terms-and-conditions" time="0.072" classname="renders /cy/terms-and-conditions">
    </testcase>
    <testcase name="Viewport coverage @mobile-390x844 renders /en/articles/" time="0.049" classname="renders /en/articles/">
    </testcase>
    <testcase name="Viewport coverage @mobile-390x844 renders /cy/articles/" time="0.072" classname="renders /cy/articles/">
    </testcase>
    <testcase name="Viewport coverage @mobile-390x844 renders /cy/erthyglau/" time="0.071" classname="renders /cy/erthyglau/">
    </testcase>
    <testcase name="Viewport coverage @mobile-390x844 renders /en/services/" time="0.074" classname="renders /en/services/">
    </testcase>
    <testcase name="Viewport coverage @mobile-390x844 renders /cy/services/" time="0.073" classname="renders /cy/services/">
    </testcase>
    <testcase name="Viewport coverage @mobile-390x844 renders /en/information/downloads/" time="0.050" classname="renders /en/information/downloads/">
    </testcase>
    <testcase name="Viewport coverage @mobile-390x844 renders /cy/information/downloads/" time="0.090" classname="renders /cy/information/downloads/">
    </testcase>
    <testcase name="Viewport coverage @mobile-390x844 renders /en/information/contact-us/" time="0.070" classname="renders /en/information/contact-us/">
    </testcase>
    <testcase name="Viewport coverage @mobile-390x844 renders /cy/information/contact-us/" time="0.050" classname="renders /cy/information/contact-us/">
    </testcase>
    <testcase name="Viewport coverage @mobile-390x844 renders /cy/gwybodaeth/" time="0.070" classname="renders /cy/gwybodaeth/">
    </testcase>
    <testcase name="Viewport coverage @mobile-390x844 renders /cy/information/" time="0.073" classname="renders /cy/information/">
    </testcase>
    <testcase name="Viewport coverage @mobile-390x844 renders /en/information/" time="0.094" classname="renders /en/information/">
    </testcase>
  </testsuite>
  <testsuite name="@mobile-390x844-landscape" timestamp="2026-07-06T10:27:12" tests="23" time="2.128" failures="0">
    <testcase name="Viewport coverage @mobile-390x844-landscape renders /" time="0.086" classname="renders /">
    </testcase>
    <testcase name="Viewport coverage @mobile-390x844-landscape renders /en/" time="0.079" classname="renders /en/">
    </testcase>
[...]
    </testcase>
    <testcase name="Viewport coverage @mobile-412x915 renders /cy/erthyglau/" time="0.096" classname="renders /cy/erthyglau/">
    </testcase>
    <testcase name="Viewport coverage @mobile-412x915 renders /en/services/" time="0.080" classname="renders /en/services/">
    </testcase>
    <testcase name="Viewport coverage @mobile-412x915 renders /cy/services/" time="0.074" classname="renders /cy/services/">
    </testcase>
    <testcase name="Viewport coverage @mobile-412x915 renders /en/information/downloads/" time="0.073" classname="renders /en/information/downloads/">
    </testcase>
    <testcase name="Viewport coverage @mobile-412x915 renders /cy/information/downloads/" time="0.078" classname="renders /cy/information/downloads/">
    </testcase>
    <testcase name="Viewport coverage @mobile-412x915 renders /en/information/contact-us/" time="0.091" classname="renders /en/information/contact-us/">
    </testcase>
    <testcase name="Viewport coverage @mobile-412x915 renders /cy/information/contact-us/" time="0.078" classname="renders /cy/information/contact-us/">
    </testcase>
    <testcase name="Viewport coverage @mobile-412x915 renders /cy/gwybodaeth/" time="0.072" classname="renders /cy/gwybodaeth/">
    </testcase>
    <testcase name="Viewport coverage @mobile-412x915 renders /cy/information/" time="0.076" classname="renders /cy/information/">
    </testcase>
    <testcase name="Viewport coverage @mobile-412x915 renders /en/information/" time="0.071" classname="renders /en/information/">
    </testcase>
  </testsuite>
  <testsuite name="@mobile-412x915-landscape" timestamp="2026-07-06T10:27:21" tests="23" time="2.240" failures="0">
    <testcase name="Viewport coverage @mobile-412x915-landscape renders /" time="0.082" classname="renders /">
    </testcase>
    <testcase name="Viewport coverage @mobile-412x915-landscape renders /en/" time="0.074" classname="renders /en/">
    </testcase>
    <testcase name="Viewport coverage @mobile-412x915-landscape renders /cy/" time="0.083" classname="renders /cy/">
    </testcase>
    <testcase name="Viewport coverage @mobile-412x915-landscape renders /en/accessibility" time="0.075" classname="renders /en/accessibility">
    </testcase>
    <testcase name="Viewport coverage @mobile-412x915-landscape renders /en/cookie-settings" time="0.092" classname="renders /en/cookie-settings">
    </testcase>
    <testcase name="Viewport coverage @mobile-412x915-landscape renders /en/privacy-policy" time="0.070" classname="renders /en/privacy-policy">
    </testcase>
    <testcase name="Viewport coverage @mobile-412x915-landscape renders /en/terms-and-conditions" time="0.073" classname="renders /en/terms-and-conditions">
    </testcase>
    <testcase name="Viewport coverage @mobile-412x915-landscape renders /cy/accessibility" time="0.071" classname="renders /cy/accessibility">
    </testcase>
    <testcase name="Viewport coverage @mobile-412x915-landscape renders /cy/cookie-settings" time="0.075" classname="renders /cy/cookie-settings">
    </testcase>
    <testcase name="Viewport coverage @mobile-412x915-landscape renders /cy/privacy-policy" time="0.074" classname="renders /cy/privacy-policy">
    </testcase>
    <testcase name="Viewport coverage @mobile-412x915-landscape renders /cy/terms-and-conditions" time="0.074" classname="renders /cy/terms-and-conditions">
    </testcase>
    <testcase name="Viewport coverage @mobile-412x915-landscape renders /en/articles/" time="0.050" classname="renders /en/articles/">
    </testcase>
    <testcase name="Viewport coverage @mobile-412x915-landscape renders /cy/articles/" time="0.073" classname="renders /cy/articles/">
    </testcase>
    <testcase name="Viewport coverage @mobile-412x915-landscape renders /cy/erthyglau/" time="0.048" classname="renders /cy/erthyglau/">
    </testcase>
    <testcase name="Viewport coverage @mobile-412x915-landscape renders /en/services/" time="0.072" classname="renders /en/services/">
    </testcase>
    <testcase name="Viewport coverage @mobile-412x915-landscape renders /cy/services/" time="0.048" classname="renders /cy/services/">
    </testcase>
    <testcase name="Viewport coverage @mobile-412x915-landscape renders /en/information/downloads/" time="0.077" classname="renders /en/information/downloads/">
    </testcase>
    <testcase name="Viewport coverage @mobile-412x915-landscape renders /cy/information/downloads/" time="0.106" classname="renders /cy/information/downloads/">
    </testcase>
    <testcase name="Viewport coverage @mobile-412x915-landscape renders /en/information/contact-us/" time="0.079" classname="renders /en/information/contact-us/">
    </testcase>
    <testcase name="Viewport coverage @mobile-412x915-landscape renders /cy/information/contact-us/" time="0.076" classname="renders /cy/information/contact-us/">
    </testcase>
    <testcase name="Viewport coverage @mobile-412x915-landscape renders /cy/gwybodaeth/" time="0.048" classname="renders /cy/gwybodaeth/">
    </testcase>
    <testcase name="Viewport coverage @mobile-412x915-landscape renders /cy/information/" time="0.074" classname="renders /cy/information/">
    </testcase>
    <testcase name="Viewport coverage @mobile-412x915-landscape renders /en/information/" time="0.074" classname="renders /en/information/">
    </testcase>
  </testsuite>
  <testsuite name="@mobile-414x896" timestamp="2026-07-06T10:27:24" tests="23" time="2.168" failures="0">
    <testcase name="Viewport coverage @mobile-414x896 renders /" time="0.079" classname="renders /">
    </testcase>
    <testcase name="Viewport coverage @mobile-414x896 renders /en/" time="0.074" classname="renders /en/">
    </testcase>
    <testcase name="Viewport coverage @mobile-414x896 renders /cy/" time="0.072" classname="renders /cy/">
    </testcase>
    <testcase name="Viewport coverage @mobile-414x896 renders /en/accessibility" time="0.071" classname="renders /en/accessibility">
    </testcase>
    <testcase name="Viewport coverage @mobile-414x896 renders /en/cookie-settings" time="0.078" classname="renders /en/cookie-settings">
    </testcase>
    <testcase name="Viewport coverage @mobile-414x896 renders /en/privacy-policy" time="0.073" classname="renders /en/privacy-policy">
    </testcase>
    <testcase name="Viewport coverage @mobile-414x896 renders /en/terms-and-conditions" time="0.072" classname="renders /en/terms-and-conditions">
    </testcase>
    <testcase name="Viewport coverage @mobile-414x896 renders /cy/accessibility" time="0.050" classname="renders /cy/accessibility">
    </testcase>
    <testcase name="Viewport coverage @mobile-414x896 renders /cy/cookie-settings" time="0.072" classname="renders /cy/cookie-settings">
    </testcase>
    <testcase name="Viewport coverage @mobile-414x896 renders /cy/privacy-policy" time="0.095" classname="renders /cy/privacy-policy">
    </testcase>
    <testcase name="Viewport coverage @mobile-414x896 renders /cy/terms-and-conditions" time="0.077" classname="renders /cy/terms-and-conditions">
    </testcase>
    <testcase name="Viewport coverage @mobile-414x896 renders /en/articles/" time="0.072" classname="renders /en/articles/">
    </testcase>
    <testcase name="Viewport coverage @mobile-414x896 renders /cy/articles/" time="0.071" classname="renders /cy/articles/">
    </testcase>
    <testcase name="Viewport coverage @mobile-414x896 renders /cy/erthyglau/" time="0.062" classname="renders /cy/erthyglau/">
    </testcase>
    <testcase name="Viewport coverage @mobile-414x896 renders /en/services/" time="0.070" classname="renders /en/services/">
    </testcase>
    <testcase name="Viewport coverage @mobile-414x896 renders /cy/services/" time="0.050" classname="renders /cy/services/">
    </testcase>
    <testcase name="Viewport coverage @mobile-414x896 renders /en/information/downloads/" time="0.071" classname="renders /en/information/downloads/">
    </testcase>
    <testcase name="Viewport coverage @mobile-414x896 renders /cy/information/downloads/" time="0.050" classname="renders /cy/information/downloads/">
    </testcase>
    <testcase name="Viewport coverage @mobile-414x896 renders /en/information/contact-us/" time="0.069" classname="renders /en/information/contact-us/">
    </testcase>
    <testcase name="Viewport coverage @mobile-414x896 renders /cy/information/contact-us/" time="0.074" classname="renders /cy/information/contact-us/">
    </testcase>
    <testcase name="Viewport coverage @mobile-414x896 renders /cy/gwybodaeth/" time="0.074" classname="renders /cy/gwybodaeth/">
    </testcase>
    <testcase name="Viewport coverage @mobile-414x896 renders /cy/information/" time="0.049" classname="renders /cy/information/">
    </testcase>
    <testcase name="Viewport coverage @mobile-414x896 renders /en/information/" time="0.070" classname="renders /en/information/">
    </testcase>
  </testsuite>
  <testsuite name="@mobile-414x896-landscape" timestamp="2026-07-06T10:27:26" tests="23" time="2.240" failures="0">
    <testcase name="Viewport coverage @mobile-414x896-landscape renders /" time="0.102" classname="renders /">
    </testcase>
    <testcase name="Viewport coverage @mobile-414x896-landscape renders /en/" time="0.065" classname="renders /en/">
    </testcase>
    <testcase name="Viewport coverage @mobile-414x896-landscape renders /cy/" time="0.079" classname="renders /cy/">
    </testcase>
    <testcase name="Viewport coverage @mobile-414x896-landscape renders /en/accessibility" time="0.071" classname="renders /en/accessibility">
    </testcase>
    <testcase name="Viewport coverage @mobile-414x896-landscape renders /en/cookie-settings" time="0.051" classname="renders /en/cookie-settings">
    </testcase>
    <testcase name="Viewport coverage @mobile-414x896-landscape renders /en/privacy-policy" time="0.070" classname="renders /en/privacy-policy">
    </testcase>
    <testcase name="Viewport coverage @mobile-414x896-landscape renders /en/terms-and-conditions" time="0.071" classname="renders /en/terms-and-conditions">
    </testcase>
    <testcase name="Viewport coverage @mobile-414x896-landscape renders /cy/accessibility" time="0.071" classname="renders /cy/accessibility">
    </testcase>
    <testcase name="Viewport coverage @mobile-414x896-landscape renders /cy/cookie-settings" time="0.070" classname="renders /cy/cookie-settings">
    </testcase>
    <testcase name="Viewport coverage @mobile-414x896-landscape renders /cy/privacy-policy" time="0.072" classname="renders /cy/privacy-policy">
    </testcase>
    <testcase name="Viewport coverage @mobile-414x896-landscape renders /cy/terms-and-conditions" time="0.076" classname="renders /cy/terms-and-conditions">
    </testcase>
    <testcase name="Viewport coverage @mobile-414x896-landscape renders /en/articles/" time="0.076" classname="renders /en/articles/">
    </testcase>
    <testcase name="Viewport coverage @mobile-414x896-landscape renders /cy/articles/" time="0.093" classname="renders /cy/articles/">
    </testcase>
    <testcase name="Viewport coverage @mobile-414x896-landscape renders /cy/erthyglau/" time="0.057" classname="renders /cy/erthyglau/">
    </testcase>
    <testcase name="Viewport coverage @mobile-414x896-landscape renders /en/services/" time="0.090" classname="renders /en/services/">
    </testcase>
    <testcase name="Viewport coverage @mobile-414x896-landscape renders /cy/services/" time="0.073" classname="renders /cy/services/">
    </testcase>
    <testcase name="Viewport coverage @mobile-414x896-landscape renders /en/information/downloads/" time="0.051" classname="renders /en/information/downloads/">
    </testcase>
    <testcase name="Viewport coverage @mobile-414x896-landscape renders /cy/information/downloads/" time="0.077" classname="renders /cy/information/downloads/">
    </testcase>
    <testcase name="Viewport coverage @mobile-414x896-landscape renders /en/information/contact-us/" time="0.071" classname="renders /en/information/contact-us/">
    </testcase>
    <testcase name="Viewport coverage @mobile-414x896-landscape renders /cy/information/contact-us/" time="0.073" classname="renders /cy/information/contact-us/">
    </testcase>
    <testcase name="Viewport coverage @mobile-414x896-landscape renders /cy/gwybodaeth/" time="0.071" classname="renders /cy/gwybodaeth/">
    </testcase>
    <testcase name="Viewport coverage @mobile-414x896-landscape renders /cy/information/" time="0.070" classname="renders /cy/information/">
    </testcase>
    <testcase name="Viewport coverage @mobile-414x896-landscape renders /en/information/" time="0.069" classname="renders /en/information/">
    </testcase>
  </testsuite>
  <testsuite name="@mobile-360x780" timestamp="2026-07-06T10:27:28" tests="23" time="2.160" failures="0">
    <testcase name="Viewport coverage @mobile-360x780 renders /" time="0.074" classname="renders /">
    </testcase>
    <testcase name="Viewport coverage @mobile-360x780 renders /en/" time="0.078" classname="renders /en/">
    </testcase>
    <testcase name="Viewport coverage @mobile-360x780 renders /cy/" time="0.079" classname="renders /cy/">
    </testcase>
    <testcase name="Viewport coverage @mobile-360x780 renders /en/accessibility" time="0.102" classname="renders /en/accessibility">
    </testcase>
    <testcase name="Viewport coverage @mobile-360x780 renders /en/cookie-settings" time="0.072" classname="renders /en/cookie-settings">
    </testcase>
    <testcase name="Viewport coverage @mobile-360x780 renders /en/privacy-policy" time="0.050" classname="renders /en/privacy-policy">
    </testcase>
    <testcase name="Viewport coverage @mobile-360x780 renders /en/terms-and-conditions" time="0.071" classname="renders /en/terms-and-conditions">
    </testcase>
    <testcase name="Viewport coverage @mobile-360x780 renders /cy/accessibility" time="0.075" classname="renders /cy/accessibility">
    </testcase>
    <testcase name="Viewport coverage @mobile-360x780 renders /cy/cookie-settings" time="0.071" classname="renders /cy/cookie-settings">
    </testcase>
    <testcase name="Viewport coverage @mobile-360x780 renders /cy/privacy-policy" time="0.077" classname="renders /cy/privacy-policy">
    </testcase>
    <testcase name="Viewport coverage @mobile-360x780 renders /cy/terms-and-conditions" time="0.073" classname="renders /cy/terms-and-conditions">
    </testcase>
    <testcase name="Viewport coverage @mobile-360x780 renders /en/articles/" time="0.073" classname="renders /en/articles/">
    </testcase>
    <testcase name="Viewport coverage @mobile-360x780 renders /cy/articles/" time="0.050" classname="renders /cy/articles/">
    </testcase>
    <testcase name="Viewport coverage @mobile-360x780 renders /cy/erthyglau/" time="0.074" classname="renders /cy/erthyglau/">
    </testcase>
    <testcase name="Viewport coverage @mobile-360x780 renders /en/services/" time="0.049" classname="renders /en/services/">
    </testcase>
    <testcase name="Viewport coverage @mobile-360x780 renders /cy/services/" time="0.073" classname="renders /cy/services/">
    </testcase>
    <testcase name="Viewport coverage @mobile-360x780 renders /en/information/downloads/" time="0.102" classname="renders /en/information/downloads/">
    </testcase>
    <testcase name="Viewport coverage @mobile-360x780 renders /cy/information/downloads/" time="0.058" classname="renders /cy/information/downloads/">
    </testcase>
    <testcase name="Viewport coverage @mobile-360x780 renders /en/information/contact-us/" time="0.075" classname="renders /en/information/contact-us/">
    </testcase>
    <testcase name="Viewport coverage @mobile-360x780 renders /cy/information/contact-us/" time="0.048" classname="renders /cy/information/contact-us/">
    </testcase>
    <testcase name="Viewport coverage @mobile-360x780 renders /cy/gwybodaeth/" time="0.068" classname="renders /cy/gwybodaeth/">
    </testcase>
    <testcase name="Viewport coverage @mobile-360x780 renders /cy/information/" time="0.050" classname="renders /cy/information/">
    </testcase>
    <testcase name="Viewport coverage @mobile-360x780 renders /en/information/" time="0.070" classname="renders /en/information/">
    </testcase>
  </testsuite>
  <testsuite name="@mobile-360x780-landscape" timestamp="2026-07-06T10:27:30" tests="23" time="2.244" failures="0">
    <testcase name="Viewport coverage @mobile-360x780-landscape renders /" time="0.082" classname="renders /">
    </testcase>
    <testcase name="Viewport coverage @mobile-360x780-landscape renders /en/" time="0.073" classname="renders /en/">
    </testcase>
    <testcase name="Viewport coverage @mobile-360x780-landscape renders /cy/" time="0.049" classname="renders /cy/">
    </testcase>
    <testcase name="Viewport coverage @mobile-360x780-landscape renders /en/accessibility" time="0.072" classname="renders /en/accessibility">
    </testcase>
    <testcase name="Viewport coverage @mobile-360x780-landscape renders /en/cookie-settings" time="0.073" classname="renders /en/cookie-settings">
    </testcase>
    <testcase name="Viewport coverage @mobile-360x780-landscape renders /en/privacy-policy" time="0.072" classname="renders /en/privacy-policy">
    </testcase>
    <testcase name="Viewport coverage @mobile-360x780-landscape renders /en/terms-and-conditions" time="0.074" classname="renders /en/terms-and-conditions">
    </testcase>
    <testcase name="Viewport coverage @mobile-360x780-landscape renders /cy/accessibility" time="0.075" classname="renders /cy/accessibility">
    </testcase>
    <testcase name="Viewport coverage @mobile-360x780-landscape renders /cy/cookie-settings" time="0.124" classname="renders /cy/cookie-settings">
    </testcase>
    <testcase name="Viewport coverage @mobile-360x780-landscape renders /cy/privacy-policy" time="0.050" classname="renders /cy/privacy-policy">
    </testcase>
    <testcase name="Viewport coverage @mobile-360x780-landscape renders /cy/terms-and-conditions" time="0.077" classname="renders /cy/terms-and-conditions">
    </testcase>
    <testcase name="Viewport coverage @mobile-360x780-landscape renders /en/articles/" time="0.073" classname="renders /en/articles/">
    </testcase>
    <testcase name="Viewport coverage @mobile-360x780-landscape renders /cy/articles/" time="0.048" classname="renders /cy/articles/">
    </testcase>
    <testcase name="Viewport coverage @mobile-360x780-landscape renders /cy/erthyglau/" time="0.076" classname="renders /cy/erthyglau/">
    </testcase>
    <testcase name="Viewport coverage @mobile-360x780-landscape renders /en/services/" time="0.072" classname="renders /en/services/">
    </testcase>
    <testcase name="Viewport coverage @mobile-360x780-landscape renders /cy/services/" time="0.074" classname="renders /cy/services/">
    </testcase>
    <testcase name="Viewport coverage @mobile-360x780-landscape renders /en/information/downloads/" time="0.077" classname="renders /en/information/downloads/">
    </testcase>
    <testcase name="Viewport coverage @mobile-360x780-landscape renders /cy/information/downloads/" time="0.076" classname="renders /cy/information/downloads/">
    </testcase>
    <testcase name="Viewport coverage @mobile-360x780-landscape renders /en/information/contact-us/" time="0.072" classname="renders /en/information/contact-us/">
    </testcase>
    <testcase name="Viewport coverage @mobile-360x780-landscape renders /cy/information/contact-us/" time="0.076" classname="renders /cy/information/contact-us/">
    </testcase>
    <testcase name="Viewport coverage @mobile-360x780-landscape renders /cy/gwybodaeth/" time="0.048" classname="renders /cy/gwybodaeth/">
    </testcase>
    <testcase name="Viewport coverage @mobile-360x780-landscape renders /cy/information/" time="0.082" classname="renders /cy/information/">
    </testcase>
    <testcase name="Viewport coverage @mobile-360x780-landscape renders /en/information/" time="0.074" classname="renders /en/information/">
    </testcase>
  </testsuite>
</testsuites>