<?xml version="1.0" encoding="UTF-8"?>
<testsuites name="Mocha Tests" time="3.806" tests="23" failures="0">
  <testsuite name="Root Suite" timestamp="2026-07-06T10:25:59" tests="0" file="cypress/e2e/a11y.cy.js" time="0.000" failures="0">
  </testsuite>
  <testsuite name="WCAG 2.2 AA compliance" timestamp="2026-07-06T10:25:59" tests="23" time="3.805" failures="0">
    <testcase name="WCAG 2.2 AA compliance meets WCAG 2.2 AA on /" time="0.257" classname="meets WCAG 2.2 AA on /">
    </testcase>
    <testcase name="WCAG 2.2 AA compliance meets WCAG 2.2 AA on /en/" time="0.186" classname="meets WCAG 2.2 AA on /en/">
    </testcase>
    <testcase name="WCAG 2.2 AA compliance meets WCAG 2.2 AA on /cy/" time="0.176" classname="meets WCAG 2.2 AA on /cy/">
    </testcase>
    <testcase name="WCAG 2.2 AA compliance meets WCAG 2.2 AA on /en/accessibility" time="0.171" classname="meets WCAG 2.2 AA on /en/accessibility">
    </testcase>
    <testcase name="WCAG 2.2 AA compliance meets WCAG 2.2 AA on /en/cookie-settings" time="0.147" classname="meets WCAG 2.2 AA on /en/cookie-settings">
    </testcase>
    <testcase name="WCAG 2.2 AA compliance meets WCAG 2.2 AA on /en/privacy-policy" time="0.161" classname="meets WCAG 2.2 AA on /en/privacy-policy">
    </testcase>
    <testcase name="WCAG 2.2 AA compliance meets WCAG 2.2 AA on /en/terms-and-conditions" time="0.173" classname="meets WCAG 2.2 AA on /en/terms-and-conditions">
    </testcase>
    <testcase name="WCAG 2.2 AA compliance meets WCAG 2.2 AA on /cy/accessibility" time="0.195" classname="meets WCAG 2.2 AA on /cy/accessibility">
    </testcase>
    <testcase name="WCAG 2.2 AA compliance meets WCAG 2.2 AA on /cy/cookie-settings" time="0.136" classname="meets WCAG 2.2 AA on /cy/cookie-settings">
    </testcase>
    <testcase name="WCAG 2.2 AA compliance meets WCAG 2.2 AA on /cy/privacy-policy" time="0.162" classname="meets WCAG 2.2 AA on /cy/privacy-policy">
    </testcase>
    <testcase name="WCAG 2.2 AA compliance meets WCAG 2.2 AA on /cy/terms-and-conditions" time="0.180" classname="meets WCAG 2.2 AA on /cy/terms-and-conditions">
    </testcase>
    <testcase name="WCAG 2.2 AA compliance meets WCAG 2.2 AA on /en/articles/" time="0.151" classname="meets WCAG 2.2 AA on /en/articles/">
    </testcase>
    <testcase name="WCAG 2.2 AA compliance meets WCAG 2.2 AA on /cy/articles/" time="0.127" classname="meets WCAG 2.2 AA on /cy/articles/">
    </testcase>
    <testcase name="WCAG 2.2 AA compliance meets WCAG 2.2 AA on /cy/erthyglau/" time="0.134" classname="meets WCAG 2.2 AA on /cy/erthyglau/">
    </testcase>
    <testcase name="WCAG 2.2 AA compliance meets WCAG 2.2 AA on /en/services/" time="0.150" classname="meets WCAG 2.2 AA on /en/services/">
    </testcase>
    <testcase name="WCAG 2.2 AA compliance meets WCAG 2.2 AA on /cy/services/" time="0.132" classname="meets WCAG 2.2 AA on /cy/services/">
    </testcase>
    <testcase name="WCAG 2.2 AA compliance meets WCAG 2.2 AA on /en/information/downloads/" time="0.161" classname="meets WCAG 2.2 AA on /en/information/downloads/">
    </testcase>
    <testcase name="WCAG 2.2 AA compliance meets WCAG 2.2 AA on /cy/information/downloads/" time="0.159" classname="meets WCAG 2.2 AA on /cy/information/downloads/">
    </testcase>
    <testcase name="WCAG 2.2 AA compliance meets WCAG 2.2 AA on /en/information/contact-us/" time="0.157" classname="meets WCAG 2.2 AA on /en/information/contact-us/">
    </testcase>
    <testcase name="WCAG 2.2 AA compliance meets WCAG 2.2 AA on /cy/information/contact-us/" time="0.138" classname="meets WCAG 2.2 AA on /cy/information/contact-us/">
    </testcase>
    <testcase name="WCAG 2.2 AA compliance meets WCAG 2.2 AA on /cy/gwybodaeth/" time="0.145" classname="meets WCAG 2.2 AA on /cy/gwybodaeth/">
    </testcase>
    <testcase name="WCAG 2.2 AA compliance meets WCAG 2.2 AA on /cy/information/" time="0.133" classname="meets WCAG 2.2 AA on /cy/information/">
    </testcase>
    <testcase name="WCAG 2.2 AA compliance meets WCAG 2.2 AA on /en/information/" time="0.139" classname="meets WCAG 2.2 AA on /en/information/">
    </testcase>
  </testsuite>
</testsuites>